[2017-07-27 13:24:29.672] [DEBUG] client-error - { type: 0,
  desc: 'JavaScript Runtime Error',
  data: 
   { messageOrEvent: 'Uncaught ReferenceError: $rform is not defined',
     source: 'http://127.0.0.1/radup/scripts/init.js',
     lineno: 80,
     colno: 5,
     error: {} },
  client: 
   { appVersion: 0.1,
     isApp: false,
     appPage: 'support',
     viewerAgent: 'Mozilla/5.0 (Linux; Android 5.0; SM-G900P Build/LRX21T) AppleWebKit/537.36 (KHTML, like Gecko) Chrome/60.0.3112.78 Mobile Safari/537.36',
     viewerName: 'Netscape',
     viewerProduct: 'Gecko',
     viewerLanguage: 'de',
     viewerPlatform: 'Win32',
     viewerPermissions: {} } }
[2017-08-30 11:27:23.187] [DEBUG] client-error - { type: 0,
  desc: 'JavaScript Runtime Error',
  data: 
   { messageOrEvent: 'Uncaught TypeError: Cannot read property \'name\' of undefined',
     source: 'http://127.0.0.1/radup/scripts/app.js',
     lineno: 145,
     colno: 45,
     error: {} },
  client: 
   { appVersion: 0.1,
     isApp: false,
     appPage: 'support',
     viewerAgent: 'Mozilla/5.0 (Windows NT 10.0; Win64; x64) AppleWebKit/537.36 (KHTML, like Gecko) Chrome/60.0.3112.113 Safari/537.36',
     viewerName: 'Netscape',
     viewerProduct: 'Gecko',
     viewerLanguage: 'de',
     viewerPlatform: 'Win32',
     viewerPermissions: {} } }
[2018-01-07 01:35:10.799] [DEBUG] client-error - { type: 0,
  desc: 'JavaScript Runtime Error',
  data: 
   { messageOrEvent: 'Uncaught TypeError: Cannot read property \'type\' of null',
     source: 'http://127.0.0.1/sub/radup/scripts/admin.js',
     lineno: 19,
     colno: 17,
     error: {} },
  client: 
   { appVersion: 0.1,
     isApp: false,
     appPage: 'admin',
     viewerAgent: 'Mozilla/5.0 (Windows NT 10.0; Win64; x64) AppleWebKit/537.36 (KHTML, like Gecko) Chrome/63.0.3239.84 Safari/537.36',
     viewerName: 'Netscape',
     viewerProduct: 'Gecko',
     viewerLanguage: 'de',
     viewerPlatform: 'Win32',
     viewerPermissions: {} } }
[2018-01-07 02:18:05.498] [DEBUG] client-error - { type: 0,
  desc: 'JavaScript Runtime Error',
  data: 
   { messageOrEvent: 'Uncaught ReferenceError: displayAll is not defined',
     source: 'http://127.0.0.1/sub/radup/scripts/admin.js',
     lineno: 23,
     colno: 17,
     error: {} },
  client: 
   { appVersion: 0.1,
     isApp: false,
     appPage: 'admin',
     viewerAgent: 'Mozilla/5.0 (Windows NT 10.0; Win64; x64) AppleWebKit/537.36 (KHTML, like Gecko) Chrome/63.0.3239.84 Safari/537.36',
     viewerName: 'Netscape',
     viewerProduct: 'Gecko',
     viewerLanguage: 'de',
     viewerPlatform: 'Win32',
     viewerPermissions: {} } }
[2018-01-09 02:40:22.232] [DEBUG] client-error - { type: 0,
  desc: 'JavaScript Runtime Error',
  data: 
   { messageOrEvent: 'Uncaught ReferenceError: Details is not defined',
     source: 'http://127.0.0.1/sub/radup/scripts/admin.js',
     lineno: 92,
     colno: 153,
     error: {} },
  client: 
   { appVersion: 0.1,
     isApp: false,
     appPage: 'search',
     viewerAgent: 'Mozilla/5.0 (Windows NT 10.0; Win64; x64) AppleWebKit/537.36 (KHTML, like Gecko) Chrome/63.0.3239.132 Safari/537.36',
     viewerName: 'Netscape',
     viewerProduct: 'Gecko',
     viewerLanguage: 'de',
     viewerPlatform: 'Win32',
     viewerPermissions: {} } }
[2018-01-09 02:41:13.805] [DEBUG] client-error - { type: 0,
  desc: 'JavaScript Runtime Error',
  data: 
   { messageOrEvent: 'Uncaught ReferenceError: Details is not defined',
     source: 'http://127.0.0.1/sub/radup/scripts/admin.js',
     lineno: 92,
     colno: 153,
     error: {} },
  client: 
   { appVersion: 0.1,
     isApp: false,
     appPage: 'search',
     viewerAgent: 'Mozilla/5.0 (Windows NT 10.0; Win64; x64) AppleWebKit/537.36 (KHTML, like Gecko) Chrome/63.0.3239.132 Safari/537.36',
     viewerName: 'Netscape',
     viewerProduct: 'Gecko',
     viewerLanguage: 'de',
     viewerPlatform: 'Win32',
     viewerPermissions: {} } }
[2018-01-09 20:01:51.047] [DEBUG] client-error - { type: 0,
  desc: 'JavaScript Runtime Error',
  data: 
   { messageOrEvent: 'Uncaught ReferenceError: arrayToObject is not defined',
     source: 'http://127.0.0.1/sub/radup/scripts/admin.js',
     lineno: 26,
     colno: 39,
     error: {} },
  client: 
   { appVersion: 0.1,
     isApp: false,
     appPage: 'search',
     viewerAgent: 'Mozilla/5.0 (Windows NT 10.0; Win64; x64) AppleWebKit/537.36 (KHTML, like Gecko) Chrome/63.0.3239.132 Safari/537.36',
     viewerName: 'Netscape',
     viewerProduct: 'Gecko',
     viewerLanguage: 'de',
     viewerPlatform: 'Win32',
     viewerPermissions: {} } }
[2018-01-09 21:55:06.787] [DEBUG] client-error - { type: 0,
  desc: 'JavaScript Runtime Error',
  data: 
   { messageOrEvent: 'Uncaught RangeError: Maximum call stack size exceeded',
     source: 'http://127.0.0.1/sub/radup/scripts/socket.io-1.4.5.js',
     lineno: 3,
     colno: 11460,
     error: {} },
  client: 
   { appVersion: 0.1,
     isApp: false,
     appPage: 'admin',
     viewerAgent: 'Mozilla/5.0 (Windows NT 10.0; Win64; x64) AppleWebKit/537.36 (KHTML, like Gecko) Chrome/63.0.3239.132 Safari/537.36',
     viewerName: 'Netscape',
     viewerProduct: 'Gecko',
     viewerLanguage: 'de',
     viewerPlatform: 'Win32',
     viewerPermissions: {} } }
[2018-01-09 22:28:28.560] [DEBUG] client-error - { type: 0,
  desc: 'JavaScript Runtime Error',
  data: 
   { messageOrEvent: 'Uncaught RangeError: Maximum call stack size exceeded',
     source: 'http://127.0.0.1/sub/radup/scripts/socket.io-1.4.5.js',
     lineno: 3,
     colno: 11460,
     error: {} },
  client: 
   { appVersion: 0.1,
     isApp: false,
     appPage: 'admin',
     viewerAgent: 'Mozilla/5.0 (Windows NT 10.0; Win64; x64) AppleWebKit/537.36 (KHTML, like Gecko) Chrome/63.0.3239.132 Safari/537.36',
     viewerName: 'Netscape',
     viewerProduct: 'Gecko',
     viewerLanguage: 'de',
     viewerPlatform: 'Win32',
     viewerPermissions: {} } }
[2018-01-10 17:49:40.063] [DEBUG] client-error - { type: 0,
  desc: 'JavaScript Runtime Error',
  data: 
   { messageOrEvent: 'Uncaught TypeError: Cannot read property \'succeed\' of undefined',
     source: 'http://127.0.0.1/sub/radup/scripts/admin.js',
     lineno: 30,
     colno: 37,
     error: {} },
  client: 
   { appVersion: 0.1,
     isApp: false,
     appPage: 'admin',
     viewerAgent: 'Mozilla/5.0 (Windows NT 10.0; Win64; x64) AppleWebKit/537.36 (KHTML, like Gecko) Chrome/63.0.3239.132 Safari/537.36',
     viewerName: 'Netscape',
     viewerProduct: 'Gecko',
     viewerLanguage: 'de',
     viewerPlatform: 'Win32',
     viewerPermissions: {} } }
[2018-01-10 18:04:06.110] [DEBUG] client-error - { type: 0,
  desc: 'JavaScript Runtime Error',
  data: 
   { messageOrEvent: 'Uncaught TypeError: admin.init is not a function',
     source: 'http://127.0.0.1/sub/radup/scripts/server.js',
     lineno: 56,
     colno: 54,
     error: {} },
  client: 
   { appVersion: 0.1,
     isApp: false,
     appPage: 'home',
     viewerAgent: 'Mozilla/5.0 (Windows NT 10.0; Win64; x64) AppleWebKit/537.36 (KHTML, like Gecko) Chrome/63.0.3239.132 Safari/537.36',
     viewerName: 'Netscape',
     viewerProduct: 'Gecko',
     viewerLanguage: 'de',
     viewerPlatform: 'Win32',
     viewerPermissions: {} } }
[2018-01-11 01:06:37.894] [DEBUG] client-error - { type: 0,
  desc: 'JavaScript Runtime Error',
  data: 
   { messageOrEvent: 'Uncaught TypeError: admin.init is not a function',
     source: 'http://127.0.0.1/sub/radup/scripts/server.js',
     lineno: 56,
     colno: 54,
     error: {} },
  client: 
   { appVersion: 0.1,
     isApp: false,
     appPage: 'home',
     viewerAgent: 'Mozilla/5.0 (Windows NT 10.0; Win64; x64) AppleWebKit/537.36 (KHTML, like Gecko) Chrome/63.0.3239.132 Safari/537.36',
     viewerName: 'Netscape',
     viewerProduct: 'Gecko',
     viewerLanguage: 'de',
     viewerPlatform: 'Win32',
     viewerPermissions: {} } }
[2018-01-11 01:28:10.323] [DEBUG] client-error - { type: 0,
  desc: 'JavaScript Runtime Error',
  data: 
   { messageOrEvent: 'Uncaught ReferenceError: $takeBtn is not defined',
     source: 'http://127.0.0.1/sub/radup/scripts/admin.js',
     lineno: 124,
     colno: 51,
     error: {} },
  client: 
   { appVersion: 0.1,
     isApp: false,
     appPage: 'home',
     viewerAgent: 'Mozilla/5.0 (Windows NT 10.0; Win64; x64) AppleWebKit/537.36 (KHTML, like Gecko) Chrome/63.0.3239.132 Safari/537.36',
     viewerName: 'Netscape',
     viewerProduct: 'Gecko',
     viewerLanguage: 'de',
     viewerPlatform: 'Win32',
     viewerPermissions: {} } }
[2018-01-11 01:46:46.678] [DEBUG] client-error - { type: 0,
  desc: 'JavaScript Runtime Error',
  data: 
   { messageOrEvent: 'Uncaught ReferenceError: attr is not defined',
     source: 'http://127.0.0.1/sub/radup/scripts/admin.js',
     lineno: 118,
     colno: 21,
     error: {} },
  client: 
   { appVersion: 0.1,
     isApp: false,
     appPage: 'home',
     viewerAgent: 'Mozilla/5.0 (Windows NT 10.0; Win64; x64) AppleWebKit/537.36 (KHTML, like Gecko) Chrome/63.0.3239.132 Safari/537.36',
     viewerName: 'Netscape',
     viewerProduct: 'Gecko',
     viewerLanguage: 'de',
     viewerPlatform: 'Win32',
     viewerPermissions: {} } }
[2018-01-19 00:40:26.052] [DEBUG] client-error - { type: 0,
  desc: 'JavaScript Runtime Error',
  data: 
   { messageOrEvent: 'Uncaught TypeError: e.preventDefault is not a function',
     source: 'http://127.0.0.1/sub/radup/scripts/jquery-2.2.3.js',
     lineno: 5016,
     colno: 6,
     error: {} },
  client: 
   { appVersion: 0.1,
     isApp: false,
     appPage: 'home',
     viewerAgent: 'Mozilla/5.0 (Windows NT 10.0; Win64; x64) AppleWebKit/537.36 (KHTML, like Gecko) Chrome/63.0.3239.132 Safari/537.36',
     viewerName: 'Netscape',
     viewerProduct: 'Gecko',
     viewerLanguage: 'de',
     viewerPlatform: 'Win32',
     viewerPermissions: {} } }
[2018-01-19 00:43:09.770] [DEBUG] client-error - { type: 0,
  desc: 'JavaScript Runtime Error',
  data: 
   { messageOrEvent: 'Uncaught TypeError: $(...).input is not a function',
     source: 'http://127.0.0.1/sub/radup/scripts/admin.js',
     lineno: 87,
     colno: 147,
     error: {} },
  client: 
   { appVersion: 0.1,
     isApp: false,
     appPage: 'home',
     viewerAgent: 'Mozilla/5.0 (Windows NT 10.0; Win64; x64) AppleWebKit/537.36 (KHTML, like Gecko) Chrome/63.0.3239.132 Safari/537.36',
     viewerName: 'Netscape',
     viewerProduct: 'Gecko',
     viewerLanguage: 'de',
     viewerPlatform: 'Win32',
     viewerPermissions: {} } }
[2018-01-19 00:44:07.582] [DEBUG] client-error - { type: 0,
  desc: 'JavaScript Runtime Error',
  data: 
   { messageOrEvent: 'Uncaught TypeError: e.preventDefault is not a function',
     source: 'http://127.0.0.1/sub/radup/scripts/jquery-2.2.3.js',
     lineno: 5016,
     colno: 6,
     error: {} },
  client: 
   { appVersion: 0.1,
     isApp: false,
     appPage: 'home',
     viewerAgent: 'Mozilla/5.0 (Windows NT 10.0; Win64; x64) AppleWebKit/537.36 (KHTML, like Gecko) Chrome/63.0.3239.132 Safari/537.36',
     viewerName: 'Netscape',
     viewerProduct: 'Gecko',
     viewerLanguage: 'de',
     viewerPlatform: 'Win32',
     viewerPermissions: {} } }
[2018-01-19 00:48:32.028] [DEBUG] client-error - { type: 0,
  desc: 'JavaScript Runtime Error',
  data: 
   { messageOrEvent: 'Uncaught TypeError: e.preventDefault is not a function',
     source: 'http://127.0.0.1/sub/radup/scripts/jquery-2.2.3.js',
     lineno: 5016,
     colno: 6,
     error: {} },
  client: 
   { appVersion: 0.1,
     isApp: false,
     appPage: 'home',
     viewerAgent: 'Mozilla/5.0 (Windows NT 10.0; Win64; x64) AppleWebKit/537.36 (KHTML, like Gecko) Chrome/63.0.3239.132 Safari/537.36',
     viewerName: 'Netscape',
     viewerProduct: 'Gecko',
     viewerLanguage: 'de',
     viewerPlatform: 'Win32',
     viewerPermissions: {} } }
[2018-01-19 00:53:22.570] [DEBUG] client-error - { type: 0,
  desc: 'JavaScript Runtime Error',
  data: 
   { messageOrEvent: 'Uncaught TypeError: e.preventDefault is not a function',
     source: 'http://127.0.0.1/sub/radup/scripts/jquery-2.2.3.js',
     lineno: 5016,
     colno: 6,
     error: {} },
  client: 
   { appVersion: 0.1,
     isApp: false,
     appPage: 'home',
     viewerAgent: 'Mozilla/5.0 (Windows NT 10.0; Win64; x64) AppleWebKit/537.36 (KHTML, like Gecko) Chrome/63.0.3239.132 Safari/537.36',
     viewerName: 'Netscape',
     viewerProduct: 'Gecko',
     viewerLanguage: 'de',
     viewerPlatform: 'Win32',
     viewerPermissions: {} } }
[2018-01-19 01:00:05.026] [DEBUG] client-error - { type: 0,
  desc: 'JavaScript Runtime Error',
  data: 
   { messageOrEvent: 'Uncaught TypeError: e.preventDefault is not a function',
     source: 'http://127.0.0.1/sub/radup/scripts/jquery-2.2.3.js',
     lineno: 5016,
     colno: 6,
     error: {} },
  client: 
   { appVersion: 0.1,
     isApp: false,
     appPage: 'home',
     viewerAgent: 'Mozilla/5.0 (Windows NT 10.0; Win64; x64) AppleWebKit/537.36 (KHTML, like Gecko) Chrome/63.0.3239.132 Safari/537.36',
     viewerName: 'Netscape',
     viewerProduct: 'Gecko',
     viewerLanguage: 'de',
     viewerPlatform: 'Win32',
     viewerPermissions: {} } }
[2018-01-21 02:08:53.694] [DEBUG] client-error - { type: 0,
  desc: 'JavaScript Runtime Error',
  data: 
   { messageOrEvent: 'Uncaught TypeError: e.preventDefault is not a function',
     source: 'http://127.0.0.1/sub/radup/scripts/jquery-2.2.3.js',
     lineno: 5016,
     colno: 6,
     error: {} },
  client: 
   { appVersion: 0.1,
     isApp: false,
     appPage: 'home',
     viewerAgent: 'Mozilla/5.0 (Windows NT 10.0; Win64; x64) AppleWebKit/537.36 (KHTML, like Gecko) Chrome/63.0.3239.132 Safari/537.36',
     viewerName: 'Netscape',
     viewerProduct: 'Gecko',
     viewerLanguage: 'de',
     viewerPlatform: 'Win32',
     viewerPermissions: {} } }
[2018-01-21 02:18:10.040] [DEBUG] client-error - { type: 0,
  desc: 'JavaScript Runtime Error',
  data: 
   { messageOrEvent: 'Uncaught TypeError: e.preventDefault is not a function',
     source: 'http://127.0.0.1/sub/radup/scripts/jquery-2.2.3.js',
     lineno: 5016,
     colno: 6,
     error: {} },
  client: 
   { appVersion: 0.1,
     isApp: false,
     appPage: 'home',
     viewerAgent: 'Mozilla/5.0 (Windows NT 10.0; Win64; x64) AppleWebKit/537.36 (KHTML, like Gecko) Chrome/63.0.3239.132 Safari/537.36',
     viewerName: 'Netscape',
     viewerProduct: 'Gecko',
     viewerLanguage: 'de',
     viewerPlatform: 'Win32',
     viewerPermissions: {} } }
[2018-01-21 02:21:41.997] [DEBUG] client-error - { type: 0,
  desc: 'JavaScript Runtime Error',
  data: 
   { messageOrEvent: 'Uncaught TypeError: e.preventDefault is not a function',
     source: 'http://127.0.0.1/sub/radup/scripts/jquery-2.2.3.js',
     lineno: 5016,
     colno: 6,
     error: {} },
  client: 
   { appVersion: 0.1,
     isApp: false,
     appPage: 'home',
     viewerAgent: 'Mozilla/5.0 (Windows NT 10.0; Win64; x64) AppleWebKit/537.36 (KHTML, like Gecko) Chrome/63.0.3239.132 Safari/537.36',
     viewerName: 'Netscape',
     viewerProduct: 'Gecko',
     viewerLanguage: 'de',
     viewerPlatform: 'Win32',
     viewerPermissions: {} } }
[2018-01-21 15:04:46.490] [DEBUG] client-error - { type: 0,
  desc: 'JavaScript Runtime Error',
  data: 
   { messageOrEvent: 'Uncaught ReferenceError: text is not defined',
     source: 'http://127.0.0.1/sub/radup/scripts/admin.js',
     lineno: 126,
     colno: 92,
     error: {} },
  client: 
   { appVersion: 0.1,
     isApp: false,
     appPage: 'home',
     viewerAgent: 'Mozilla/5.0 (Windows NT 10.0; Win64; x64) AppleWebKit/537.36 (KHTML, like Gecko) Chrome/63.0.3239.132 Safari/537.36',
     viewerName: 'Netscape',
     viewerProduct: 'Gecko',
     viewerLanguage: 'de',
     viewerPlatform: 'Win32',
     viewerPermissions: {} } }
[2018-01-21 15:41:56.775] [DEBUG] client-error - { type: 0,
  desc: 'JavaScript Runtime Error',
  data: 
   { messageOrEvent: 'Uncaught TypeError: $(...).html(...).show is not a function',
     source: 'http://127.0.0.1/sub/radup/scripts/admin.js',
     lineno: 147,
     colno: 57,
     error: {} },
  client: 
   { appVersion: 0.1,
     isApp: false,
     appPage: 'home',
     viewerAgent: 'Mozilla/5.0 (Windows NT 10.0; Win64; x64) AppleWebKit/537.36 (KHTML, like Gecko) Chrome/63.0.3239.132 Safari/537.36',
     viewerName: 'Netscape',
     viewerProduct: 'Gecko',
     viewerLanguage: 'de',
     viewerPlatform: 'Win32',
     viewerPermissions: {} } }
[2018-01-21 16:11:09.729] [DEBUG] client-error - { type: 0,
  desc: 'JavaScript Runtime Error',
  data: 
   { messageOrEvent: 'Uncaught TypeError: admin.toOverview is not a function',
     source: 'http://127.0.0.1/sub/radup/#admin',
     lineno: 1,
     colno: 7,
     error: {} },
  client: 
   { appVersion: 0.1,
     isApp: false,
     appPage: 'home',
     viewerAgent: 'Mozilla/5.0 (Windows NT 10.0; Win64; x64) AppleWebKit/537.36 (KHTML, like Gecko) Chrome/63.0.3239.132 Safari/537.36',
     viewerName: 'Netscape',
     viewerProduct: 'Gecko',
     viewerLanguage: 'de',
     viewerPlatform: 'Win32',
     viewerPermissions: {} } }
[2018-01-21 17:17:36.068] [DEBUG] client-error - { type: 0,
  desc: 'JavaScript Runtime Error',
  data: 
   { messageOrEvent: 'Uncaught ReferenceError: data is not defined',
     source: 'http://127.0.0.1/sub/radup/scripts/admin.js',
     lineno: 138,
     colno: 38,
     error: {} },
  client: 
   { appVersion: 0.1,
     isApp: false,
     appPage: 'home',
     viewerAgent: 'Mozilla/5.0 (Linux; Android 5.0; SM-G900P Build/LRX21T) AppleWebKit/537.36 (KHTML, like Gecko) Chrome/63.0.3239.132 Mobile Safari/537.36',
     viewerName: 'Netscape',
     viewerProduct: 'Gecko',
     viewerLanguage: 'de',
     viewerPlatform: 'Win32',
     viewerPermissions: {} } }
[2018-01-21 17:18:26.801] [DEBUG] client-error - { type: 0,
  desc: 'JavaScript Runtime Error',
  data: 
   { messageOrEvent: 'Uncaught TypeError: Cannot read property \'supportid\' of undefined',
     source: 'http://127.0.0.1/sub/radup/scripts/admin.js',
     lineno: 138,
     colno: 42,
     error: {} },
  client: 
   { appVersion: 0.1,
     isApp: false,
     appPage: 'home',
     viewerAgent: 'Mozilla/5.0 (Linux; Android 5.0; SM-G900P Build/LRX21T) AppleWebKit/537.36 (KHTML, like Gecko) Chrome/63.0.3239.132 Mobile Safari/537.36',
     viewerName: 'Netscape',
     viewerProduct: 'Gecko',
     viewerLanguage: 'de',
     viewerPlatform: 'Win32',
     viewerPermissions: {} } }
[2018-01-21 17:23:00.061] [DEBUG] client-error - { type: 0,
  desc: 'JavaScript Runtime Error',
  data: 
   { messageOrEvent: 'Uncaught ReferenceError: ticketid is not defined',
     source: 'http://127.0.0.1/sub/radup/scripts/admin.js',
     lineno: 140,
     colno: 59,
     error: {} },
  client: 
   { appVersion: 0.1,
     isApp: false,
     appPage: 'home',
     viewerAgent: 'Mozilla/5.0 (Linux; Android 5.0; SM-G900P Build/LRX21T) AppleWebKit/537.36 (KHTML, like Gecko) Chrome/63.0.3239.132 Mobile Safari/537.36',
     viewerName: 'Netscape',
     viewerProduct: 'Gecko',
     viewerLanguage: 'de',
     viewerPlatform: 'Win32',
     viewerPermissions: {} } }
[2018-01-21 17:55:07.922] [DEBUG] client-error - { type: 0,
  desc: 'JavaScript Runtime Error',
  data: 
   { messageOrEvent: 'Uncaught TypeError: Cannot read property \'saveHidden\' of undefined',
     source: 'http://127.0.0.1/sub/radup/scripts/admin.js',
     lineno: 162,
     colno: 58,
     error: {} },
  client: 
   { appVersion: 0.1,
     isApp: false,
     appPage: 'home',
     viewerAgent: 'Mozilla/5.0 (Linux; Android 5.0; SM-G900P Build/LRX21T) AppleWebKit/537.36 (KHTML, like Gecko) Chrome/63.0.3239.132 Mobile Safari/537.36',
     viewerName: 'Netscape',
     viewerProduct: 'Gecko',
     viewerLanguage: 'de',
     viewerPlatform: 'Win32',
     viewerPermissions: {} } }
[2018-01-21 17:56:06.612] [DEBUG] client-error - { type: 0,
  desc: 'JavaScript Runtime Error',
  data: 
   { messageOrEvent: 'Uncaught TypeError: Cannot read property \'replaceWith\' of undefined',
     source: 'http://127.0.0.1/sub/radup/scripts/admin.js',
     lineno: 48,
     colno: 28,
     error: {} },
  client: 
   { appVersion: 0.1,
     isApp: false,
     appPage: 'home',
     viewerAgent: 'Mozilla/5.0 (Linux; Android 5.0; SM-G900P Build/LRX21T) AppleWebKit/537.36 (KHTML, like Gecko) Chrome/63.0.3239.132 Mobile Safari/537.36',
     viewerName: 'Netscape',
     viewerProduct: 'Gecko',
     viewerLanguage: 'de',
     viewerPlatform: 'Win32',
     viewerPermissions: {} } }
[2018-01-21 19:33:51.555] [DEBUG] client-error - { type: 0,
  desc: 'JavaScript Runtime Error',
  data: 
   { messageOrEvent: 'Uncaught TypeError: Cannot read property \'1\' of undefined',
     source: 'http://127.0.0.1/sub/radup/scripts/admin.js',
     lineno: 150,
     colno: 74,
     error: {} },
  client: 
   { appVersion: 0.1,
     isApp: false,
     appPage: 'home',
     viewerAgent: 'Mozilla/5.0 (Linux; Android 5.0; SM-G900P Build/LRX21T) AppleWebKit/537.36 (KHTML, like Gecko) Chrome/63.0.3239.132 Mobile Safari/537.36',
     viewerName: 'Netscape',
     viewerProduct: 'Gecko',
     viewerLanguage: 'de',
     viewerPlatform: 'Win32',
     viewerPermissions: {} } }
[2018-01-21 19:42:13.297] [DEBUG] client-error - { type: 0,
  desc: 'JavaScript Runtime Error',
  data: 
   { messageOrEvent: 'Uncaught TypeError: Cannot read property \'1\' of undefined',
     source: 'http://127.0.0.1/sub/radup/scripts/admin.js',
     lineno: 150,
     colno: 74,
     error: {} },
  client: 
   { appVersion: 0.1,
     isApp: false,
     appPage: 'home',
     viewerAgent: 'Mozilla/5.0 (Linux; Android 5.0; SM-G900P Build/LRX21T) AppleWebKit/537.36 (KHTML, like Gecko) Chrome/63.0.3239.132 Mobile Safari/537.36',
     viewerName: 'Netscape',
     viewerProduct: 'Gecko',
     viewerLanguage: 'de',
     viewerPlatform: 'Win32',
     viewerPermissions: {} } }
[2018-01-21 19:43:13.478] [DEBUG] client-error - { type: 0,
  desc: 'JavaScript Runtime Error',
  data: 
   { messageOrEvent: 'Uncaught TypeError: Cannot read property \'1\' of undefined',
     source: 'http://127.0.0.1/sub/radup/scripts/admin.js',
     lineno: 150,
     colno: 74,
     error: {} },
  client: 
   { appVersion: 0.1,
     isApp: false,
     appPage: 'home',
     viewerAgent: 'Mozilla/5.0 (Linux; Android 5.0; SM-G900P Build/LRX21T) AppleWebKit/537.36 (KHTML, like Gecko) Chrome/63.0.3239.132 Mobile Safari/537.36',
     viewerName: 'Netscape',
     viewerProduct: 'Gecko',
     viewerLanguage: 'de',
     viewerPlatform: 'Win32',
     viewerPermissions: {} } }
[2018-01-21 20:34:15.828] [DEBUG] client-error - { type: 0,
  desc: 'JavaScript Runtime Error',
  data: 
   { messageOrEvent: 'Uncaught TypeError: e.preventDefault is not a function',
     source: 'http://127.0.0.1/sub/radup/scripts/jquery-2.2.3.js',
     lineno: 5016,
     colno: 6,
     error: {} },
  client: 
   { appVersion: 0.1,
     isApp: false,
     appPage: 'home',
     viewerAgent: 'Mozilla/5.0 (Linux; Android 5.0; SM-G900P Build/LRX21T) AppleWebKit/537.36 (KHTML, like Gecko) Chrome/63.0.3239.132 Mobile Safari/537.36',
     viewerName: 'Netscape',
     viewerProduct: 'Gecko',
     viewerLanguage: 'de',
     viewerPlatform: 'Win32',
     viewerPermissions: {} } }
[2018-01-24 02:15:55.441] [DEBUG] client-error - { type: 0,
  desc: 'JavaScript Runtime Error',
  data: 
   { messageOrEvent: 'Uncaught TypeError: e.preventDefault is not a function',
     source: 'http://127.0.0.1/sub/radup/scripts/jquery-2.2.3.js',
     lineno: 5016,
     colno: 6,
     error: {} },
  client: 
   { appVersion: 0.1,
     isApp: false,
     appPage: 'home',
     viewerAgent: 'Mozilla/5.0 (Linux; Android 5.0; SM-G900P Build/LRX21T) AppleWebKit/537.36 (KHTML, like Gecko) Chrome/63.0.3239.132 Mobile Safari/537.36',
     viewerName: 'Netscape',
     viewerProduct: 'Gecko',
     viewerLanguage: 'de',
     viewerPlatform: 'Win32',
     viewerPermissions: {} } }
[2018-01-24 02:24:14.108] [DEBUG] client-error - { type: 0,
  desc: 'JavaScript Runtime Error',
  data: 
   { messageOrEvent: 'Uncaught ReferenceError: columntoggle is not defined',
     source: 'http://127.0.0.1/sub/radup/scripts/admin.js',
     lineno: 101,
     colno: 32,
     error: {} },
  client: 
   { appVersion: 0.1,
     isApp: false,
     appPage: 'home',
     viewerAgent: 'Mozilla/5.0 (Linux; Android 5.0; SM-G900P Build/LRX21T) AppleWebKit/537.36 (KHTML, like Gecko) Chrome/63.0.3239.132 Mobile Safari/537.36',
     viewerName: 'Netscape',
     viewerProduct: 'Gecko',
     viewerLanguage: 'de',
     viewerPlatform: 'Win32',
     viewerPermissions: {} } }
[2018-01-24 02:28:53.946] [DEBUG] client-error - { type: 0,
  desc: 'JavaScript Runtime Error',
  data: 
   { messageOrEvent: 'Uncaught ReferenceError: columntoggle is not defined',
     source: 'http://127.0.0.1/sub/radup/scripts/admin.js',
     lineno: 101,
     colno: 32,
     error: {} },
  client: 
   { appVersion: 0.1,
     isApp: false,
     appPage: 'home',
     viewerAgent: 'Mozilla/5.0 (Linux; Android 5.0; SM-G900P Build/LRX21T) AppleWebKit/537.36 (KHTML, like Gecko) Chrome/63.0.3239.132 Mobile Safari/537.36',
     viewerName: 'Netscape',
     viewerProduct: 'Gecko',
     viewerLanguage: 'de',
     viewerPlatform: 'Win32',
     viewerPermissions: {} } }
[2018-01-24 02:59:55.961] [DEBUG] client-error - { type: 0,
  desc: 'JavaScript Runtime Error',
  data: 
   { messageOrEvent: 'Uncaught TypeError: e.preventDefault is not a function',
     source: 'http://127.0.0.1/sub/radup/scripts/jquery-2.2.3.js',
     lineno: 5016,
     colno: 6,
     error: {} },
  client: 
   { appVersion: 0.1,
     isApp: false,
     appPage: 'home',
     viewerAgent: 'Mozilla/5.0 (Linux; Android 5.0; SM-G900P Build/LRX21T) AppleWebKit/537.36 (KHTML, like Gecko) Chrome/63.0.3239.132 Mobile Safari/537.36',
     viewerName: 'Netscape',
     viewerProduct: 'Gecko',
     viewerLanguage: 'de',
     viewerPlatform: 'Win32',
     viewerPermissions: {} } }
[2018-01-24 03:01:04.835] [DEBUG] client-error - { type: 0,
  desc: 'JavaScript Runtime Error',
  data: 
   { messageOrEvent: 'Uncaught TypeError: e.preventDefault is not a function',
     source: 'http://127.0.0.1/sub/radup/scripts/jquery-2.2.3.js',
     lineno: 5016,
     colno: 6,
     error: {} },
  client: 
   { appVersion: 0.1,
     isApp: false,
     appPage: 'home',
     viewerAgent: 'Mozilla/5.0 (Linux; Android 5.0; SM-G900P Build/LRX21T) AppleWebKit/537.36 (KHTML, like Gecko) Chrome/63.0.3239.132 Mobile Safari/537.36',
     viewerName: 'Netscape',
     viewerProduct: 'Gecko',
     viewerLanguage: 'de',
     viewerPlatform: 'Win32',
     viewerPermissions: {} } }
[2018-01-24 03:07:59.466] [DEBUG] client-error - { type: 0,
  desc: 'JavaScript Runtime Error',
  data: 
   { messageOrEvent: 'Uncaught TypeError: e.preventDefault is not a function',
     source: 'http://127.0.0.1/sub/radup/scripts/jquery-2.2.3.js',
     lineno: 5016,
     colno: 6,
     error: {} },
  client: 
   { appVersion: 0.1,
     isApp: false,
     appPage: 'home',
     viewerAgent: 'Mozilla/5.0 (Linux; Android 5.0; SM-G900P Build/LRX21T) AppleWebKit/537.36 (KHTML, like Gecko) Chrome/63.0.3239.132 Mobile Safari/537.36',
     viewerName: 'Netscape',
     viewerProduct: 'Gecko',
     viewerLanguage: 'de',
     viewerPlatform: 'Win32',
     viewerPermissions: {} } }
[2018-01-24 03:14:44.080] [DEBUG] client-error - { type: 0,
  desc: 'JavaScript Runtime Error',
  data: 
   { messageOrEvent: 'Uncaught TypeError: e.preventDefault is not a function',
     source: 'http://127.0.0.1/sub/radup/scripts/jquery-2.2.3.js',
     lineno: 5016,
     colno: 6,
     error: {} },
  client: 
   { appVersion: 0.1,
     isApp: false,
     appPage: 'home',
     viewerAgent: 'Mozilla/5.0 (Linux; Android 5.0; SM-G900P Build/LRX21T) AppleWebKit/537.36 (KHTML, like Gecko) Chrome/63.0.3239.132 Mobile Safari/537.36',
     viewerName: 'Netscape',
     viewerProduct: 'Gecko',
     viewerLanguage: 'de',
     viewerPlatform: 'Win32',
     viewerPermissions: {} } }
[2018-01-24 03:15:19.989] [DEBUG] client-error - { type: 0,
  desc: 'JavaScript Runtime Error',
  data: 
   { messageOrEvent: 'Uncaught TypeError: e.preventDefault is not a function',
     source: 'http://127.0.0.1/sub/radup/scripts/jquery-2.2.3.js',
     lineno: 5016,
     colno: 6,
     error: {} },
  client: 
   { appVersion: 0.1,
     isApp: false,
     appPage: 'home',
     viewerAgent: 'Mozilla/5.0 (Linux; Android 5.0; SM-G900P Build/LRX21T) AppleWebKit/537.36 (KHTML, like Gecko) Chrome/63.0.3239.132 Mobile Safari/537.36',
     viewerName: 'Netscape',
     viewerProduct: 'Gecko',
     viewerLanguage: 'de',
     viewerPlatform: 'Win32',
     viewerPermissions: {} } }
[2018-01-24 03:16:27.462] [DEBUG] client-error - { type: 0,
  desc: 'JavaScript Runtime Error',
  data: 
   { messageOrEvent: 'Uncaught TypeError: e.preventDefault is not a function',
     source: 'http://127.0.0.1/sub/radup/scripts/jquery-2.2.3.js',
     lineno: 5016,
     colno: 6,
     error: {} },
  client: 
   { appVersion: 0.1,
     isApp: false,
     appPage: 'home',
     viewerAgent: 'Mozilla/5.0 (Linux; Android 5.0; SM-G900P Build/LRX21T) AppleWebKit/537.36 (KHTML, like Gecko) Chrome/63.0.3239.132 Mobile Safari/537.36',
     viewerName: 'Netscape',
     viewerProduct: 'Gecko',
     viewerLanguage: 'de',
     viewerPlatform: 'Win32',
     viewerPermissions: {} } }
[2018-01-24 03:20:57.951] [DEBUG] client-error - { type: 0,
  desc: 'JavaScript Runtime Error',
  data: 
   { messageOrEvent: 'Uncaught TypeError: e.preventDefault is not a function',
     source: 'http://127.0.0.1/sub/radup/scripts/jquery-2.2.3.js',
     lineno: 5016,
     colno: 6,
     error: {} },
  client: 
   { appVersion: 0.1,
     isApp: false,
     appPage: 'home',
     viewerAgent: 'Mozilla/5.0 (Linux; Android 5.0; SM-G900P Build/LRX21T) AppleWebKit/537.36 (KHTML, like Gecko) Chrome/63.0.3239.132 Mobile Safari/537.36',
     viewerName: 'Netscape',
     viewerProduct: 'Gecko',
     viewerLanguage: 'de',
     viewerPlatform: 'Win32',
     viewerPermissions: {} } }
[2018-01-24 03:22:53.318] [DEBUG] client-error - { type: 0,
  desc: 'JavaScript Runtime Error',
  data: 
   { messageOrEvent: 'Uncaught TypeError: e.preventDefault is not a function',
     source: 'http://127.0.0.1/sub/radup/scripts/jquery-2.2.3.js',
     lineno: 5016,
     colno: 6,
     error: {} },
  client: 
   { appVersion: 0.1,
     isApp: false,
     appPage: 'home',
     viewerAgent: 'Mozilla/5.0 (Linux; Android 5.0; SM-G900P Build/LRX21T) AppleWebKit/537.36 (KHTML, like Gecko) Chrome/63.0.3239.132 Mobile Safari/537.36',
     viewerName: 'Netscape',
     viewerProduct: 'Gecko',
     viewerLanguage: 'de',
     viewerPlatform: 'Win32',
     viewerPermissions: {} } }
[2018-01-27 22:53:40.275] [DEBUG] client-error - { type: 0,
  desc: 'JavaScript Runtime Error',
  data: 
   { messageOrEvent: 'Uncaught TypeError: e.preventDefault is not a function',
     source: 'http://127.0.0.1/sub/radup/scripts/jquery-2.2.3.js',
     lineno: 5016,
     colno: 6,
     error: {} },
  client: 
   { appVersion: 0.1,
     isApp: false,
     appPage: 'home',
     viewerAgent: 'Mozilla/5.0 (Windows NT 10.0; Win64; x64) AppleWebKit/537.36 (KHTML, like Gecko) Chrome/63.0.3239.132 Safari/537.36',
     viewerName: 'Netscape',
     viewerProduct: 'Gecko',
     viewerLanguage: 'de',
     viewerPlatform: 'Win32',
     viewerPermissions: {} } }
[2018-01-27 22:57:58.458] [DEBUG] client-error - { type: 0,
  desc: 'JavaScript Runtime Error',
  data: 
   { messageOrEvent: 'Uncaught TypeError: e.preventDefault is not a function',
     source: 'http://127.0.0.1/sub/radup/scripts/jquery-2.2.3.js',
     lineno: 5016,
     colno: 6,
     error: {} },
  client: 
   { appVersion: 0.1,
     isApp: false,
     appPage: 'home',
     viewerAgent: 'Mozilla/5.0 (Windows NT 10.0; Win64; x64) AppleWebKit/537.36 (KHTML, like Gecko) Chrome/63.0.3239.132 Safari/537.36',
     viewerName: 'Netscape',
     viewerProduct: 'Gecko',
     viewerLanguage: 'de',
     viewerPlatform: 'Win32',
     viewerPermissions: {} } }
[2018-01-27 23:00:04.850] [DEBUG] client-error - { type: 0,
  desc: 'JavaScript Runtime Error',
  data: 
   { messageOrEvent: 'Uncaught TypeError: e.preventDefault is not a function',
     source: 'http://127.0.0.1/sub/radup/scripts/jquery-2.2.3.js',
     lineno: 5016,
     colno: 6,
     error: {} },
  client: 
   { appVersion: 0.1,
     isApp: false,
     appPage: 'home',
     viewerAgent: 'Mozilla/5.0 (Windows NT 10.0; Win64; x64) AppleWebKit/537.36 (KHTML, like Gecko) Chrome/63.0.3239.132 Safari/537.36',
     viewerName: 'Netscape',
     viewerProduct: 'Gecko',
     viewerLanguage: 'de',
     viewerPlatform: 'Win32',
     viewerPermissions: {} } }
[2018-01-27 23:01:55.312] [DEBUG] client-error - { type: 0,
  desc: 'JavaScript Runtime Error',
  data: 
   { messageOrEvent: 'Uncaught TypeError: e.preventDefault is not a function',
     source: 'http://127.0.0.1/sub/radup/scripts/jquery-2.2.3.js',
     lineno: 5016,
     colno: 6,
     error: {} },
  client: 
   { appVersion: 0.1,
     isApp: false,
     appPage: 'home',
     viewerAgent: 'Mozilla/5.0 (Windows NT 10.0; Win64; x64) AppleWebKit/537.36 (KHTML, like Gecko) Chrome/63.0.3239.132 Safari/537.36',
     viewerName: 'Netscape',
     viewerProduct: 'Gecko',
     viewerLanguage: 'de',
     viewerPlatform: 'Win32',
     viewerPermissions: {} } }
[2018-01-27 23:10:15.416] [DEBUG] client-error - { type: 0,
  desc: 'JavaScript Runtime Error',
  data: 
   { messageOrEvent: 'Uncaught TypeError: e.preventDefault is not a function',
     source: 'http://127.0.0.1/sub/radup/scripts/jquery-2.2.3.js',
     lineno: 5016,
     colno: 6,
     error: {} },
  client: 
   { appVersion: 0.1,
     isApp: false,
     appPage: 'home',
     viewerAgent: 'Mozilla/5.0 (Windows NT 10.0; Win64; x64) AppleWebKit/537.36 (KHTML, like Gecko) Chrome/63.0.3239.132 Safari/537.36',
     viewerName: 'Netscape',
     viewerProduct: 'Gecko',
     viewerLanguage: 'de',
     viewerPlatform: 'Win32',
     viewerPermissions: {} } }
[2018-01-27 23:14:48.062] [DEBUG] client-error - { type: 0,
  desc: 'JavaScript Runtime Error',
  data: 
   { messageOrEvent: 'Uncaught TypeError: e.preventDefault is not a function',
     source: 'http://127.0.0.1/sub/radup/scripts/jquery-2.2.3.js',
     lineno: 5016,
     colno: 6,
     error: {} },
  client: 
   { appVersion: 0.1,
     isApp: false,
     appPage: 'home',
     viewerAgent: 'Mozilla/5.0 (Windows NT 10.0; Win64; x64) AppleWebKit/537.36 (KHTML, like Gecko) Chrome/63.0.3239.132 Safari/537.36',
     viewerName: 'Netscape',
     viewerProduct: 'Gecko',
     viewerLanguage: 'de',
     viewerPlatform: 'Win32',
     viewerPermissions: {} } }
[2018-01-27 23:15:50.237] [DEBUG] client-error - { type: 0,
  desc: 'JavaScript Runtime Error',
  data: 
   { messageOrEvent: 'Uncaught TypeError: e.preventDefault is not a function',
     source: 'http://127.0.0.1/sub/radup/scripts/jquery-2.2.3.js',
     lineno: 5016,
     colno: 6,
     error: {} },
  client: 
   { appVersion: 0.1,
     isApp: false,
     appPage: 'home',
     viewerAgent: 'Mozilla/5.0 (Windows NT 10.0; Win64; x64) AppleWebKit/537.36 (KHTML, like Gecko) Chrome/63.0.3239.132 Safari/537.36',
     viewerName: 'Netscape',
     viewerProduct: 'Gecko',
     viewerLanguage: 'de',
     viewerPlatform: 'Win32',
     viewerPermissions: {} } }
[2018-01-27 23:16:17.232] [DEBUG] client-error - { type: 0,
  desc: 'JavaScript Runtime Error',
  data: 
   { messageOrEvent: 'Uncaught TypeError: e.preventDefault is not a function',
     source: 'http://127.0.0.1/sub/radup/scripts/jquery-2.2.3.js',
     lineno: 5016,
     colno: 6,
     error: {} },
  client: 
   { appVersion: 0.1,
     isApp: false,
     appPage: 'home',
     viewerAgent: 'Mozilla/5.0 (Windows NT 10.0; Win64; x64) AppleWebKit/537.36 (KHTML, like Gecko) Chrome/63.0.3239.132 Safari/537.36',
     viewerName: 'Netscape',
     viewerProduct: 'Gecko',
     viewerLanguage: 'de',
     viewerPlatform: 'Win32',
     viewerPermissions: {} } }
[2018-01-27 23:37:32.457] [DEBUG] client-error - { type: 0,
  desc: 'JavaScript Runtime Error',
  data: 
   { messageOrEvent: 'Uncaught TypeError: e.preventDefault is not a function',
     source: 'http://127.0.0.1/sub/radup/scripts/jquery-2.2.3.js',
     lineno: 5016,
     colno: 6,
     error: {} },
  client: 
   { appVersion: 0.1,
     isApp: false,
     appPage: 'home',
     viewerAgent: 'Mozilla/5.0 (Windows NT 10.0; Win64; x64) AppleWebKit/537.36 (KHTML, like Gecko) Chrome/63.0.3239.132 Safari/537.36',
     viewerName: 'Netscape',
     viewerProduct: 'Gecko',
     viewerLanguage: 'de',
     viewerPlatform: 'Win32',
     viewerPermissions: {} } }
[2018-01-27 23:56:37.257] [DEBUG] client-error - { type: 0,
  desc: 'JavaScript Runtime Error',
  data: 
   { messageOrEvent: 'Uncaught TypeError: Cannot read property \'clone\' of undefined',
     source: 'http://127.0.0.1/sub/radup/scripts/admin.js',
     lineno: 84,
     colno: 82,
     error: {} },
  client: 
   { appVersion: 0.1,
     isApp: false,
     appPage: 'home',
     viewerAgent: 'Mozilla/5.0 (Windows NT 10.0; Win64; x64) AppleWebKit/537.36 (KHTML, like Gecko) Chrome/63.0.3239.132 Safari/537.36',
     viewerName: 'Netscape',
     viewerProduct: 'Gecko',
     viewerLanguage: 'de',
     viewerPlatform: 'Win32',
     viewerPermissions: {} } }
[2018-01-28 00:11:58.340] [DEBUG] client-error - { type: 0,
  desc: 'JavaScript Runtime Error',
  data: 
   { messageOrEvent: 'Uncaught TypeError: Cannot read property \'createDocumentFragment\' of null',
     source: 'http://127.0.0.1/sub/radup/scripts/jquery-2.2.3.js',
     lineno: 4311,
     colno: 22,
     error: {} },
  client: 
   { appVersion: 0.1,
     isApp: false,
     appPage: 'home',
     viewerAgent: 'Mozilla/5.0 (Windows NT 10.0; Win64; x64) AppleWebKit/537.36 (KHTML, like Gecko) Chrome/63.0.3239.132 Safari/537.36',
     viewerName: 'Netscape',
     viewerProduct: 'Gecko',
     viewerLanguage: 'de',
     viewerPlatform: 'Win32',
     viewerPermissions: {} } }
[2018-01-28 00:12:23.109] [DEBUG] client-error - { type: 0,
  desc: 'JavaScript Runtime Error',
  data: 
   { messageOrEvent: 'Uncaught TypeError: Cannot read property \'createDocumentFragment\' of null',
     source: 'http://127.0.0.1/sub/radup/scripts/jquery-2.2.3.js',
     lineno: 4311,
     colno: 22,
     error: {} },
  client: 
   { appVersion: 0.1,
     isApp: false,
     appPage: 'home',
     viewerAgent: 'Mozilla/5.0 (Windows NT 10.0; Win64; x64) AppleWebKit/537.36 (KHTML, like Gecko) Chrome/63.0.3239.132 Safari/537.36',
     viewerName: 'Netscape',
     viewerProduct: 'Gecko',
     viewerLanguage: 'de',
     viewerPlatform: 'Win32',
     viewerPermissions: {} } }
[2018-01-28 00:13:48.382] [DEBUG] client-error - { type: 0,
  desc: 'JavaScript Runtime Error',
  data: 
   { messageOrEvent: 'Uncaught TypeError: Cannot read property \'activated\' of undefined',
     source: 'http://127.0.0.1/sub/radup/scripts/admin.js',
     lineno: 107,
     colno: 165,
     error: {} },
  client: 
   { appVersion: 0.1,
     isApp: false,
     appPage: 'home',
     viewerAgent: 'Mozilla/5.0 (Windows NT 10.0; Win64; x64) AppleWebKit/537.36 (KHTML, like Gecko) Chrome/63.0.3239.132 Safari/537.36',
     viewerName: 'Netscape',
     viewerProduct: 'Gecko',
     viewerLanguage: 'de',
     viewerPlatform: 'Win32',
     viewerPermissions: {} } }
[2018-01-28 00:17:44.244] [DEBUG] client-error - { type: 0,
  desc: 'JavaScript Runtime Error',
  data: 
   { messageOrEvent: 'Uncaught TypeError: Cannot read property \'activated\' of undefined',
     source: 'http://127.0.0.1/sub/radup/scripts/admin.js',
     lineno: 107,
     colno: 165,
     error: {} },
  client: 
   { appVersion: 0.1,
     isApp: false,
     appPage: 'home',
     viewerAgent: 'Mozilla/5.0 (Windows NT 10.0; Win64; x64) AppleWebKit/537.36 (KHTML, like Gecko) Chrome/63.0.3239.132 Safari/537.36',
     viewerName: 'Netscape',
     viewerProduct: 'Gecko',
     viewerLanguage: 'de',
     viewerPlatform: 'Win32',
     viewerPermissions: {} } }
[2018-01-28 00:19:06.623] [DEBUG] client-error - { type: 0,
  desc: 'JavaScript Runtime Error',
  data: 
   { messageOrEvent: 'Uncaught TypeError: Cannot read property \'activated\' of undefined',
     source: 'http://127.0.0.1/sub/radup/scripts/admin.js',
     lineno: 107,
     colno: 165,
     error: {} },
  client: 
   { appVersion: 0.1,
     isApp: false,
     appPage: 'home',
     viewerAgent: 'Mozilla/5.0 (Windows NT 10.0; Win64; x64) AppleWebKit/537.36 (KHTML, like Gecko) Chrome/63.0.3239.132 Safari/537.36',
     viewerName: 'Netscape',
     viewerProduct: 'Gecko',
     viewerLanguage: 'de',
     viewerPlatform: 'Win32',
     viewerPermissions: {} } }
[2018-01-28 00:19:51.815] [DEBUG] client-error - { type: 0,
  desc: 'JavaScript Runtime Error',
  data: 
   { messageOrEvent: 'Uncaught ReferenceError: t is not defined',
     source: 'http://127.0.0.1/sub/radup/scripts/admin.js',
     lineno: 112,
     colno: 68,
     error: {} },
  client: 
   { appVersion: 0.1,
     isApp: false,
     appPage: 'home',
     viewerAgent: 'Mozilla/5.0 (Windows NT 10.0; Win64; x64) AppleWebKit/537.36 (KHTML, like Gecko) Chrome/63.0.3239.132 Safari/537.36',
     viewerName: 'Netscape',
     viewerProduct: 'Gecko',
     viewerLanguage: 'de',
     viewerPlatform: 'Win32',
     viewerPermissions: {} } }
[2018-01-28 00:21:30.751] [DEBUG] client-error - { type: 0,
  desc: 'JavaScript Runtime Error',
  data: 
   { messageOrEvent: 'Uncaught ReferenceError: t is not defined',
     source: 'http://127.0.0.1/sub/radup/scripts/admin.js',
     lineno: 115,
     colno: 50,
     error: {} },
  client: 
   { appVersion: 0.1,
     isApp: false,
     appPage: 'home',
     viewerAgent: 'Mozilla/5.0 (Windows NT 10.0; Win64; x64) AppleWebKit/537.36 (KHTML, like Gecko) Chrome/63.0.3239.132 Safari/537.36',
     viewerName: 'Netscape',
     viewerProduct: 'Gecko',
     viewerLanguage: 'de',
     viewerPlatform: 'Win32',
     viewerPermissions: {} } }
[2018-01-28 12:42:51.244] [DEBUG] client-error - { type: 0,
  desc: 'JavaScript Runtime Error',
  data: 
   { messageOrEvent: 'Uncaught TypeError: admin.init is not a function',
     source: 'http://127.0.0.1/sub/radup/scripts/server.js',
     lineno: 57,
     colno: 54,
     error: {} },
  client: 
   { appVersion: 0.1,
     isApp: false,
     appPage: 'home',
     viewerAgent: 'Mozilla/5.0 (Windows NT 10.0; Win64; x64) AppleWebKit/537.36 (KHTML, like Gecko) Chrome/63.0.3239.132 Safari/537.36',
     viewerName: 'Netscape',
     viewerProduct: 'Gecko',
     viewerLanguage: 'de',
     viewerPlatform: 'Win32',
     viewerPermissions: {} } }
[2018-01-28 12:43:04.174] [DEBUG] client-error - { type: 0,
  desc: 'JavaScript Runtime Error',
  data: 
   { messageOrEvent: 'Uncaught TypeError: admin.init is not a function',
     source: 'http://127.0.0.1/sub/radup/scripts/server.js',
     lineno: 57,
     colno: 54,
     error: {} },
  client: 
   { appVersion: 0.1,
     isApp: false,
     appPage: 'home',
     viewerAgent: 'Mozilla/5.0 (Windows NT 10.0; Win64; x64) AppleWebKit/537.36 (KHTML, like Gecko) Chrome/63.0.3239.132 Safari/537.36',
     viewerName: 'Netscape',
     viewerProduct: 'Gecko',
     viewerLanguage: 'de',
     viewerPlatform: 'Win32',
     viewerPermissions: {} } }
[2018-01-29 13:06:45.476] [DEBUG] client-error - { type: 0,
  desc: 'JavaScript Runtime Error',
  data: 
   { messageOrEvent: 'Uncaught SyntaxError: Unexpected token )',
     source: 'http://127.0.0.1/sub/radup/#search',
     lineno: 534,
     colno: 215,
     error: null },
  client: 
   { appVersion: 0.1,
     isApp: false,
     appPage: 'home',
     viewerAgent: 'Mozilla/5.0 (Windows NT 10.0; Win64; x64) AppleWebKit/537.36 (KHTML, like Gecko) Chrome/63.0.3239.132 Safari/537.36',
     viewerName: 'Netscape',
     viewerProduct: 'Gecko',
     viewerLanguage: 'de',
     viewerPlatform: 'Win32',
     viewerPermissions: {} } }
[2018-02-02 14:13:02.320] [DEBUG] client-error - { type: 0,
  desc: 'JavaScript Runtime Error',
  data: 
   { messageOrEvent: 'Uncaught TypeError: Cannot read property \'length\' of undefined',
     source: 'http://127.0.0.1/sub/radup/scripts/global.js',
     lineno: 99,
     colno: 8,
     error: {} },
  client: 
   { appVersion: 0.1,
     isApp: false,
     appPage: 'home',
     viewerAgent: 'Mozilla/5.0 (Linux; Android 5.0; SM-G900P Build/LRX21T) AppleWebKit/537.36 (KHTML, like Gecko) Chrome/64.0.3282.119 Mobile Safari/537.36',
     viewerName: 'Netscape',
     viewerProduct: 'Gecko',
     viewerLanguage: 'de',
     viewerPlatform: 'Win32',
     viewerPermissions: {} } }
[2018-02-07 14:21:05.296] [INFO] client-error - 
[2018-02-07 14:23:11.559] [INFO] client-error - 
[2018-02-07 14:24:56.412] [INFO] client-error - 
[2018-02-10 18:03:31.263] [DEBUG] client-error - { type: 0,
  desc: 'JavaScript Runtime Error',
  data: 
   { messageOrEvent: 'Uncaught Error: cannot call methods on dialog prior to initialization; attempted to call method \'open\'',
     source: 'http://127.0.0.1/sub/radup/scripts/jquery-2.2.3.js',
     lineno: 253,
     colno: 9,
     error: {} },
  client: 
   { appVersion: 0.1,
     isApp: false,
     appPage: 'home',
     viewerAgent: 'Mozilla/5.0 (Windows NT 10.0; Win64; x64) AppleWebKit/537.36 (KHTML, like Gecko) Chrome/64.0.3282.140 Safari/537.36',
     viewerName: 'Netscape',
     viewerProduct: 'Gecko',
     viewerLanguage: 'de',
     viewerPlatform: 'Win32',
     viewerPermissions: {} } }
[2018-02-10 18:15:35.169] [DEBUG] client-error - { type: 0,
  desc: 'JavaScript Runtime Error',
  data: 
   { messageOrEvent: 'Uncaught Error: cannot call methods on dialog prior to initialization; attempted to call method \'open\'',
     source: 'http://127.0.0.1/sub/radup/scripts/jquery-2.2.3.js',
     lineno: 253,
     colno: 9,
     error: {} },
  client: 
   { appVersion: 0.1,
     isApp: false,
     appPage: 'home',
     viewerAgent: 'Mozilla/5.0 (Windows NT 10.0; Win64; x64) AppleWebKit/537.36 (KHTML, like Gecko) Chrome/64.0.3282.140 Safari/537.36',
     viewerName: 'Netscape',
     viewerProduct: 'Gecko',
     viewerLanguage: 'de',
     viewerPlatform: 'Win32',
     viewerPermissions: {} } }
[2018-02-11 14:19:00.003] [DEBUG] client-error - { type: 0,
  desc: 'JavaScript Runtime Error',
  data: 
   { messageOrEvent: 'Uncaught TypeError: server.sendBytes is not a function',
     source: 'http://127.0.0.1/sub/radup/scripts/init.js',
     lineno: 90,
     colno: 28,
     error: {} },
  client: 
   { appVersion: 0.1,
     isApp: false,
     appPage: 'home',
     viewerAgent: 'Mozilla/5.0 (Linux; Android 5.0; SM-G900P Build/LRX21T) AppleWebKit/537.36 (KHTML, like Gecko) Chrome/64.0.3282.140 Mobile Safari/537.36',
     viewerName: 'Netscape',
     viewerProduct: 'Gecko',
     viewerLanguage: 'de',
     viewerPlatform: 'Win32',
     viewerPermissions: {} } }
[2018-02-11 14:19:54.875] [DEBUG] client-error - { type: 0,
  desc: 'JavaScript Runtime Error',
  data: 
   { messageOrEvent: 'Uncaught TypeError: socket.sendBytes is not a function',
     source: 'http://127.0.0.1/sub/radup/scripts/server.js',
     lineno: 166,
     colno: 20,
     error: {} },
  client: 
   { appVersion: 0.1,
     isApp: false,
     appPage: 'home',
     viewerAgent: 'Mozilla/5.0 (Linux; Android 5.0; SM-G900P Build/LRX21T) AppleWebKit/537.36 (KHTML, like Gecko) Chrome/64.0.3282.140 Mobile Safari/537.36',
     viewerName: 'Netscape',
     viewerProduct: 'Gecko',
     viewerLanguage: 'de',
     viewerPlatform: 'Win32',
     viewerPermissions: {} } }
[2018-02-11 20:07:10.589] [INFO] client-error - 
[2018-02-20 16:26:40.208] [DEBUG] client-error - { type: 0,
  desc: 'JavaScript Runtime Error',
  data: 
   { messageOrEvent: 'Uncaught TypeError: Cannot read property \'_init\' of undefined',
     source: 'http://127.0.0.1/sub/radup/jquery.mobile-1.4.5/jquery.mobile-1.4.5.js',
     lineno: 945,
     colno: 38,
     error: {} },
  client: 
   { appVersion: 0.1,
     isApp: false,
     appPage: 'home',
     viewerAgent: 'Mozilla/5.0 (Linux; Android 5.0; SM-G900P Build/LRX21T) AppleWebKit/537.36 (KHTML, like Gecko) Chrome/64.0.3282.167 Mobile Safari/537.36',
     viewerName: 'Netscape',
     viewerProduct: 'Gecko',
     viewerLanguage: 'de',
     viewerPlatform: 'Win32',
     viewerPermissions: {} } }
[2018-02-20 16:27:52.503] [DEBUG] client-error - { type: 0,
  desc: 'JavaScript Runtime Error',
  data: 
   { messageOrEvent: 'Uncaught TypeError: Cannot read property \'_init\' of undefined',
     source: 'http://127.0.0.1/sub/radup/jquery.mobile-1.4.5/jquery.mobile-1.4.5.js',
     lineno: 945,
     colno: 38,
     error: {} },
  client: 
   { appVersion: 0.1,
     isApp: false,
     appPage: 'home',
     viewerAgent: 'Mozilla/5.0 (Linux; Android 5.0; SM-G900P Build/LRX21T) AppleWebKit/537.36 (KHTML, like Gecko) Chrome/64.0.3282.167 Mobile Safari/537.36',
     viewerName: 'Netscape',
     viewerProduct: 'Gecko',
     viewerLanguage: 'de',
     viewerPlatform: 'Win32',
     viewerPermissions: {} } }
[2018-02-20 16:34:48.948] [DEBUG] client-error - { type: 0,
  desc: 'JavaScript Runtime Error',
  data: 
   { messageOrEvent: 'Uncaught ReferenceError: isualisation is not defined',
     source: 'http://127.0.0.1/sub/radup/scripts/visualisation.js',
     lineno: 287,
     colno: 141,
     error: {} },
  client: 
   { appVersion: 0.1,
     isApp: false,
     appPage: 'home',
     viewerAgent: 'Mozilla/5.0 (Linux; Android 5.0; SM-G900P Build/LRX21T) AppleWebKit/537.36 (KHTML, like Gecko) Chrome/64.0.3282.167 Mobile Safari/537.36',
     viewerName: 'Netscape',
     viewerProduct: 'Gecko',
     viewerLanguage: 'de',
     viewerPlatform: 'Win32',
     viewerPermissions: {} } }
[2018-02-20 16:56:46.009] [DEBUG] client-error - { type: 0,
  desc: 'JavaScript Runtime Error',
  data: 
   { messageOrEvent: 'Uncaught ReferenceError: b is not defined',
     source: 'http://127.0.0.1/sub/radup/scripts/visualisation.js',
     lineno: 276,
     colno: 13,
     error: {} },
  client: 
   { appVersion: 0.1,
     isApp: false,
     appPage: 'home',
     viewerAgent: 'Mozilla/5.0 (Linux; Android 5.0; SM-G900P Build/LRX21T) AppleWebKit/537.36 (KHTML, like Gecko) Chrome/64.0.3282.167 Mobile Safari/537.36',
     viewerName: 'Netscape',
     viewerProduct: 'Gecko',
     viewerLanguage: 'de',
     viewerPlatform: 'Win32',
     viewerPermissions: {} } }
[2018-02-20 17:38:06.971] [DEBUG] client-error - { type: 0,
  desc: 'JavaScript Runtime Error',
  data: 
   { messageOrEvent: 'Uncaught TypeError: Cannot read property \'sponsorid\' of null',
     source: 'http://127.0.0.1/sub/radup/scripts/visualisation.js',
     lineno: 114,
     colno: 52,
     error: {} },
  client: 
   { appVersion: 0.1,
     isApp: false,
     appPage: 'home',
     viewerAgent: 'Mozilla/5.0 (Linux; Android 5.0; SM-G900P Build/LRX21T) AppleWebKit/537.36 (KHTML, like Gecko) Chrome/64.0.3282.167 Mobile Safari/537.36',
     viewerName: 'Netscape',
     viewerProduct: 'Gecko',
     viewerLanguage: 'de',
     viewerPlatform: 'Win32',
     viewerPermissions: {} } }
[2018-02-20 17:40:04.087] [DEBUG] client-error - { type: 0,
  desc: 'JavaScript Runtime Error',
  data: 
   { messageOrEvent: 'Uncaught TypeError: Cannot read property \'sponsorid\' of null',
     source: 'http://127.0.0.1/sub/radup/scripts/visualisation.js',
     lineno: 114,
     colno: 52,
     error: {} },
  client: 
   { appVersion: 0.1,
     isApp: false,
     appPage: 'home',
     viewerAgent: 'Mozilla/5.0 (Linux; Android 5.0; SM-G900P Build/LRX21T) AppleWebKit/537.36 (KHTML, like Gecko) Chrome/64.0.3282.167 Mobile Safari/537.36',
     viewerName: 'Netscape',
     viewerProduct: 'Gecko',
     viewerLanguage: 'de',
     viewerPlatform: 'Win32',
     viewerPermissions: {} } }
[2018-02-20 17:41:24.276] [DEBUG] client-error - { type: 0,
  desc: 'JavaScript Runtime Error',
  data: 
   { messageOrEvent: 'Uncaught TypeError: Cannot read property \'sponsorid\' of null',
     source: 'http://127.0.0.1/sub/radup/scripts/visualisation.js',
     lineno: 114,
     colno: 52,
     error: {} },
  client: 
   { appVersion: 0.1,
     isApp: false,
     appPage: 'home',
     viewerAgent: 'Mozilla/5.0 (Linux; Android 5.0; SM-G900P Build/LRX21T) AppleWebKit/537.36 (KHTML, like Gecko) Chrome/64.0.3282.167 Mobile Safari/537.36',
     viewerName: 'Netscape',
     viewerProduct: 'Gecko',
     viewerLanguage: 'de',
     viewerPlatform: 'Win32',
     viewerPermissions: {} } }
[2018-02-20 18:00:22.691] [DEBUG] client-error - { type: 0,
  desc: 'JavaScript Runtime Error',
  data: 
   { messageOrEvent: 'Uncaught TypeError: Cannot read property \'_init\' of undefined',
     source: 'http://127.0.0.1/sub/radup/jquery.mobile-1.4.5/jquery.mobile-1.4.5.js',
     lineno: 945,
     colno: 38,
     error: {} },
  client: 
   { appVersion: 0.1,
     isApp: false,
     appPage: 'home',
     viewerAgent: 'Mozilla/5.0 (Linux; Android 5.0; SM-G900P Build/LRX21T) AppleWebKit/537.36 (KHTML, like Gecko) Chrome/64.0.3282.167 Mobile Safari/537.36',
     viewerName: 'Netscape',
     viewerProduct: 'Gecko',
     viewerLanguage: 'de',
     viewerPlatform: 'Win32',
     viewerPermissions: {} } }
[2018-02-20 18:00:22.697] [DEBUG] client-error - { type: 0,
  desc: 'JavaScript Runtime Error',
  data: 
   { messageOrEvent: 'Uncaught TypeError: Cannot read property \'_init\' of undefined',
     source: 'http://127.0.0.1/sub/radup/jquery.mobile-1.4.5/jquery.mobile-1.4.5.js',
     lineno: 945,
     colno: 38,
     error: {} },
  client: 
   { appVersion: 0.1,
     isApp: false,
     appPage: 'home',
     viewerAgent: 'Mozilla/5.0 (Linux; Android 5.0; SM-G900P Build/LRX21T) AppleWebKit/537.36 (KHTML, like Gecko) Chrome/64.0.3282.167 Mobile Safari/537.36',
     viewerName: 'Netscape',
     viewerProduct: 'Gecko',
     viewerLanguage: 'de',
     viewerPlatform: 'Win32',
     viewerPermissions: {} } }
[2018-02-20 18:00:22.711] [DEBUG] client-error - { type: 0,
  desc: 'JavaScript Runtime Error',
  data: 
   { messageOrEvent: 'Uncaught TypeError: Cannot read property \'_init\' of undefined',
     source: 'http://127.0.0.1/sub/radup/jquery.mobile-1.4.5/jquery.mobile-1.4.5.js',
     lineno: 945,
     colno: 38,
     error: {} },
  client: 
   { appVersion: 0.1,
     isApp: false,
     appPage: 'home',
     viewerAgent: 'Mozilla/5.0 (Linux; Android 5.0; SM-G900P Build/LRX21T) AppleWebKit/537.36 (KHTML, like Gecko) Chrome/64.0.3282.167 Mobile Safari/537.36',
     viewerName: 'Netscape',
     viewerProduct: 'Gecko',
     viewerLanguage: 'de',
     viewerPlatform: 'Win32',
     viewerPermissions: {} } }
[2018-02-20 18:00:46.987] [DEBUG] client-error - { type: 0,
  desc: 'JavaScript Runtime Error',
  data: 
   { messageOrEvent: 'Uncaught TypeError: Cannot read property \'_init\' of undefined',
     source: 'http://127.0.0.1/sub/radup/jquery.mobile-1.4.5/jquery.mobile-1.4.5.js',
     lineno: 945,
     colno: 38,
     error: {} },
  client: 
   { appVersion: 0.1,
     isApp: false,
     appPage: 'home',
     viewerAgent: 'Mozilla/5.0 (Linux; Android 5.0; SM-G900P Build/LRX21T) AppleWebKit/537.36 (KHTML, like Gecko) Chrome/64.0.3282.167 Mobile Safari/537.36',
     viewerName: 'Netscape',
     viewerProduct: 'Gecko',
     viewerLanguage: 'de',
     viewerPlatform: 'Win32',
     viewerPermissions: {} } }
[2018-02-20 18:01:19.844] [DEBUG] client-error - { type: 0,
  desc: 'JavaScript Runtime Error',
  data: 
   { messageOrEvent: 'Uncaught TypeError: e.preventDefault is not a function',
     source: 'file:///android_asset/www/scripts/jquery-2.2.3.js',
     lineno: 5016,
     colno: 6,
     error: {} },
  client: 
   { appVersion: 0.1,
     isApp: true,
     appPage: 'home',
     viewerAgent: 'Mozilla/5.0 (Linux; Android 8.1.0; SM-G900F Build/OPM1.171019.013; wv) AppleWebKit/537.36 (KHTML, like Gecko) Version/4.0 Chrome/64.0.3282.137 Mobile Safari/537.36',
     viewerName: 'Netscape',
     viewerProduct: 'Gecko',
     viewerLanguage: 'de-DE',
     viewerPlatform: 'Linux armv7l' } }
[2018-02-20 18:01:37.995] [DEBUG] client-error - { type: 0,
  desc: 'JavaScript Runtime Error',
  data: 
   { messageOrEvent: 'Uncaught TypeError: Cannot read property \'_init\' of undefined',
     source: 'file:///android_asset/www/jquery.mobile-1.4.5/jquery.mobile-1.4.5.js',
     lineno: 945,
     colno: 38,
     error: {} },
  client: 
   { appVersion: 0.1,
     isApp: true,
     appPage: 'home',
     viewerAgent: 'Mozilla/5.0 (Linux; Android 8.1.0; SM-G900F Build/OPM1.171019.013; wv) AppleWebKit/537.36 (KHTML, like Gecko) Version/4.0 Chrome/64.0.3282.137 Mobile Safari/537.36',
     viewerName: 'Netscape',
     viewerProduct: 'Gecko',
     viewerLanguage: 'de-DE',
     viewerPlatform: 'Linux armv7l' } }
[2018-02-20 18:02:49.633] [DEBUG] client-error - { type: 0,
  desc: 'JavaScript Runtime Error',
  data: 
   { messageOrEvent: 'Uncaught TypeError: Cannot read property \'_init\' of undefined',
     source: 'http://127.0.0.1/sub/radup/jquery.mobile-1.4.5/jquery.mobile-1.4.5.js',
     lineno: 945,
     colno: 38,
     error: {} },
  client: 
   { appVersion: 0.1,
     isApp: false,
     appPage: 'home',
     viewerAgent: 'Mozilla/5.0 (Linux; Android 5.0; SM-G900P Build/LRX21T) AppleWebKit/537.36 (KHTML, like Gecko) Chrome/64.0.3282.167 Mobile Safari/537.36',
     viewerName: 'Netscape',
     viewerProduct: 'Gecko',
     viewerLanguage: 'de',
     viewerPlatform: 'Win32',
     viewerPermissions: {} } }
[2018-02-20 18:02:49.637] [DEBUG] client-error - { type: 0,
  desc: 'JavaScript Runtime Error',
  data: 
   { messageOrEvent: 'Uncaught TypeError: Cannot read property \'_init\' of undefined',
     source: 'http://127.0.0.1/sub/radup/jquery.mobile-1.4.5/jquery.mobile-1.4.5.js',
     lineno: 945,
     colno: 38,
     error: {} },
  client: 
   { appVersion: 0.1,
     isApp: false,
     appPage: 'home',
     viewerAgent: 'Mozilla/5.0 (Linux; Android 5.0; SM-G900P Build/LRX21T) AppleWebKit/537.36 (KHTML, like Gecko) Chrome/64.0.3282.167 Mobile Safari/537.36',
     viewerName: 'Netscape',
     viewerProduct: 'Gecko',
     viewerLanguage: 'de',
     viewerPlatform: 'Win32',
     viewerPermissions: {} } }
[2018-02-20 18:04:29.346] [DEBUG] client-error - { type: 0,
  desc: 'JavaScript Runtime Error',
  data: 
   { messageOrEvent: 'Uncaught TypeError: Cannot read property \'_init\' of undefined',
     source: 'http://127.0.0.1/sub/radup/jquery.mobile-1.4.5/jquery.mobile-1.4.5.js',
     lineno: 945,
     colno: 38,
     error: {} },
  client: 
   { appVersion: 0.1,
     isApp: false,
     appPage: 'home',
     viewerAgent: 'Mozilla/5.0 (Linux; Android 5.0; SM-G900P Build/LRX21T) AppleWebKit/537.36 (KHTML, like Gecko) Chrome/64.0.3282.167 Mobile Safari/537.36',
     viewerName: 'Netscape',
     viewerProduct: 'Gecko',
     viewerLanguage: 'de',
     viewerPlatform: 'Win32',
     viewerPermissions: {} } }
[2018-02-20 18:05:05.925] [DEBUG] client-error - { type: 0,
  desc: 'JavaScript Runtime Error',
  data: 
   { messageOrEvent: 'Uncaught TypeError: Cannot read property \'_init\' of undefined',
     source: 'file:///android_asset/www/jquery.mobile-1.4.5/jquery.mobile-1.4.5.js',
     lineno: 945,
     colno: 38,
     error: {} },
  client: 
   { appVersion: 0.1,
     isApp: true,
     appPage: 'home',
     viewerAgent: 'Mozilla/5.0 (Linux; Android 8.1.0; SM-G900F Build/OPM1.171019.013; wv) AppleWebKit/537.36 (KHTML, like Gecko) Version/4.0 Chrome/64.0.3282.137 Mobile Safari/537.36',
     viewerName: 'Netscape',
     viewerProduct: 'Gecko',
     viewerLanguage: 'de-DE',
     viewerPlatform: 'Linux armv7l' } }
[2018-02-20 18:05:09.991] [DEBUG] client-error - { type: 0,
  desc: 'JavaScript Runtime Error',
  data: 
   { messageOrEvent: 'Uncaught TypeError: Cannot read property \'_init\' of undefined',
     source: 'http://127.0.0.1/sub/radup/jquery.mobile-1.4.5/jquery.mobile-1.4.5.js',
     lineno: 945,
     colno: 38,
     error: {} },
  client: 
   { appVersion: 0.1,
     isApp: false,
     appPage: 'home',
     viewerAgent: 'Mozilla/5.0 (Linux; Android 5.0; SM-G900P Build/LRX21T) AppleWebKit/537.36 (KHTML, like Gecko) Chrome/64.0.3282.167 Mobile Safari/537.36',
     viewerName: 'Netscape',
     viewerProduct: 'Gecko',
     viewerLanguage: 'de',
     viewerPlatform: 'Win32',
     viewerPermissions: {} } }
[2018-02-20 18:05:57.507] [DEBUG] client-error - { type: 0,
  desc: 'JavaScript Runtime Error',
  data: 
   { messageOrEvent: 'Uncaught TypeError: Cannot read property \'_init\' of undefined',
     source: 'http://127.0.0.1/sub/radup/jquery.mobile-1.4.5/jquery.mobile-1.4.5.js',
     lineno: 945,
     colno: 38,
     error: {} },
  client: 
   { appVersion: 0.1,
     isApp: false,
     appPage: 'home',
     viewerAgent: 'Mozilla/5.0 (Linux; Android 5.0; SM-G900P Build/LRX21T) AppleWebKit/537.36 (KHTML, like Gecko) Chrome/64.0.3282.167 Mobile Safari/537.36',
     viewerName: 'Netscape',
     viewerProduct: 'Gecko',
     viewerLanguage: 'de',
     viewerPlatform: 'Win32',
     viewerPermissions: {} } }
[2018-02-20 18:05:57.511] [DEBUG] client-error - { type: 0,
  desc: 'JavaScript Runtime Error',
  data: 
   { messageOrEvent: 'Uncaught TypeError: Cannot read property \'_init\' of undefined',
     source: 'http://127.0.0.1/sub/radup/jquery.mobile-1.4.5/jquery.mobile-1.4.5.js',
     lineno: 945,
     colno: 38,
     error: {} },
  client: 
   { appVersion: 0.1,
     isApp: false,
     appPage: 'home',
     viewerAgent: 'Mozilla/5.0 (Linux; Android 5.0; SM-G900P Build/LRX21T) AppleWebKit/537.36 (KHTML, like Gecko) Chrome/64.0.3282.167 Mobile Safari/537.36',
     viewerName: 'Netscape',
     viewerProduct: 'Gecko',
     viewerLanguage: 'de',
     viewerPlatform: 'Win32',
     viewerPermissions: {} } }
[2018-02-20 18:07:57.201] [DEBUG] client-error - { type: 0,
  desc: 'JavaScript Runtime Error',
  data: 
   { messageOrEvent: 'Uncaught TypeError: Cannot read property \'_init\' of undefined',
     source: 'file:///android_asset/www/jquery.mobile-1.4.5/jquery.mobile-1.4.5.js',
     lineno: 945,
     colno: 38,
     error: {} },
  client: 
   { appVersion: 0.1,
     isApp: true,
     appPage: 'home',
     viewerAgent: 'Mozilla/5.0 (Linux; Android 8.1.0; SM-G900F Build/OPM1.171019.013; wv) AppleWebKit/537.36 (KHTML, like Gecko) Version/4.0 Chrome/64.0.3282.137 Mobile Safari/537.36',
     viewerName: 'Netscape',
     viewerProduct: 'Gecko',
     viewerLanguage: 'de-DE',
     viewerPlatform: 'Linux armv7l' } }
[2018-02-20 18:08:38.817] [DEBUG] client-error - { type: 0,
  desc: 'JavaScript Runtime Error',
  data: 
   { messageOrEvent: 'Uncaught TypeError: Cannot read property \'_init\' of undefined',
     source: 'http://127.0.0.1/sub/radup/jquery.mobile-1.4.5/jquery.mobile-1.4.5.js',
     lineno: 945,
     colno: 38,
     error: {} },
  client: 
   { appVersion: 0.1,
     isApp: false,
     appPage: 'home',
     viewerAgent: 'Mozilla/5.0 (Linux; Android 5.0; SM-G900P Build/LRX21T) AppleWebKit/537.36 (KHTML, like Gecko) Chrome/64.0.3282.167 Mobile Safari/537.36',
     viewerName: 'Netscape',
     viewerProduct: 'Gecko',
     viewerLanguage: 'de',
     viewerPlatform: 'Win32',
     viewerPermissions: {} } }
[2018-02-20 18:10:29.413] [DEBUG] client-error - { type: 0,
  desc: 'JavaScript Runtime Error',
  data: 
   { messageOrEvent: 'Uncaught TypeError: Cannot read property \'_init\' of undefined',
     source: 'file:///android_asset/www/jquery.mobile-1.4.5/jquery.mobile-1.4.5.js',
     lineno: 945,
     colno: 38,
     error: {} },
  client: 
   { appVersion: 0.1,
     isApp: true,
     appPage: 'home',
     viewerAgent: 'Mozilla/5.0 (Linux; Android 8.1.0; SM-G900F Build/OPM1.171019.013; wv) AppleWebKit/537.36 (KHTML, like Gecko) Version/4.0 Chrome/64.0.3282.137 Mobile Safari/537.36',
     viewerName: 'Netscape',
     viewerProduct: 'Gecko',
     viewerLanguage: 'de-DE',
     viewerPlatform: 'Linux armv7l' } }
[2018-02-20 18:12:46.374] [DEBUG] client-error - { type: 0,
  desc: 'JavaScript Runtime Error',
  data: 
   { messageOrEvent: 'Uncaught TypeError: Cannot read property \'_init\' of undefined',
     source: 'http://127.0.0.1/sub/radup/jquery.mobile-1.4.5/jquery.mobile-1.4.5.js',
     lineno: 945,
     colno: 38,
     error: {} },
  client: 
   { appVersion: 0.1,
     isApp: false,
     appPage: 'home',
     viewerAgent: 'Mozilla/5.0 (Linux; Android 5.0; SM-G900P Build/LRX21T) AppleWebKit/537.36 (KHTML, like Gecko) Chrome/64.0.3282.167 Mobile Safari/537.36',
     viewerName: 'Netscape',
     viewerProduct: 'Gecko',
     viewerLanguage: 'de',
     viewerPlatform: 'Win32',
     viewerPermissions: {} } }
[2018-02-20 18:12:46.378] [DEBUG] client-error - { type: 0,
  desc: 'JavaScript Runtime Error',
  data: 
   { messageOrEvent: 'Uncaught TypeError: Cannot read property \'_init\' of undefined',
     source: 'http://127.0.0.1/sub/radup/jquery.mobile-1.4.5/jquery.mobile-1.4.5.js',
     lineno: 945,
     colno: 38,
     error: {} },
  client: 
   { appVersion: 0.1,
     isApp: false,
     appPage: 'home',
     viewerAgent: 'Mozilla/5.0 (Linux; Android 5.0; SM-G900P Build/LRX21T) AppleWebKit/537.36 (KHTML, like Gecko) Chrome/64.0.3282.167 Mobile Safari/537.36',
     viewerName: 'Netscape',
     viewerProduct: 'Gecko',
     viewerLanguage: 'de',
     viewerPlatform: 'Win32',
     viewerPermissions: {} } }
[2018-02-20 18:14:51.244] [DEBUG] client-error - { type: 0,
  desc: 'JavaScript Runtime Error',
  data: 
   { messageOrEvent: 'Uncaught TypeError: Cannot read property \'_init\' of undefined',
     source: 'http://127.0.0.1/sub/radup/jquery.mobile-1.4.5/jquery.mobile-1.4.5.js',
     lineno: 945,
     colno: 38,
     error: {} },
  client: 
   { appVersion: 0.1,
     isApp: false,
     appPage: 'home',
     viewerAgent: 'Mozilla/5.0 (Linux; Android 5.0; SM-G900P Build/LRX21T) AppleWebKit/537.36 (KHTML, like Gecko) Chrome/64.0.3282.167 Mobile Safari/537.36',
     viewerName: 'Netscape',
     viewerProduct: 'Gecko',
     viewerLanguage: 'de',
     viewerPlatform: 'Win32',
     viewerPermissions: {} } }
[2018-02-20 18:14:51.249] [DEBUG] client-error - { type: 0,
  desc: 'JavaScript Runtime Error',
  data: 
   { messageOrEvent: 'Uncaught TypeError: Cannot read property \'_init\' of undefined',
     source: 'http://127.0.0.1/sub/radup/jquery.mobile-1.4.5/jquery.mobile-1.4.5.js',
     lineno: 945,
     colno: 38,
     error: {} },
  client: 
   { appVersion: 0.1,
     isApp: false,
     appPage: 'home',
     viewerAgent: 'Mozilla/5.0 (Linux; Android 5.0; SM-G900P Build/LRX21T) AppleWebKit/537.36 (KHTML, like Gecko) Chrome/64.0.3282.167 Mobile Safari/537.36',
     viewerName: 'Netscape',
     viewerProduct: 'Gecko',
     viewerLanguage: 'de',
     viewerPlatform: 'Win32',
     viewerPermissions: {} } }
[2018-02-20 18:19:35.430] [DEBUG] client-error - { type: 0,
  desc: 'JavaScript Runtime Error',
  data: 
   { messageOrEvent: 'Uncaught TypeError: Cannot read property \'_init\' of undefined',
     source: 'http://127.0.0.1/sub/radup/jquery.mobile-1.4.5/jquery.mobile-1.4.5.js',
     lineno: 945,
     colno: 38,
     error: {} },
  client: 
   { appVersion: 0.1,
     isApp: false,
     appPage: 'home',
     viewerAgent: 'Mozilla/5.0 (Linux; Android 5.0; SM-G900P Build/LRX21T) AppleWebKit/537.36 (KHTML, like Gecko) Chrome/64.0.3282.167 Mobile Safari/537.36',
     viewerName: 'Netscape',
     viewerProduct: 'Gecko',
     viewerLanguage: 'de',
     viewerPlatform: 'Win32',
     viewerPermissions: {} } }
[2018-02-20 18:19:35.450] [DEBUG] client-error - { type: 0,
  desc: 'JavaScript Runtime Error',
  data: 
   { messageOrEvent: 'Uncaught TypeError: Cannot read property \'_init\' of undefined',
     source: 'http://127.0.0.1/sub/radup/jquery.mobile-1.4.5/jquery.mobile-1.4.5.js',
     lineno: 945,
     colno: 38,
     error: {} },
  client: 
   { appVersion: 0.1,
     isApp: false,
     appPage: 'home',
     viewerAgent: 'Mozilla/5.0 (Linux; Android 5.0; SM-G900P Build/LRX21T) AppleWebKit/537.36 (KHTML, like Gecko) Chrome/64.0.3282.167 Mobile Safari/537.36',
     viewerName: 'Netscape',
     viewerProduct: 'Gecko',
     viewerLanguage: 'de',
     viewerPlatform: 'Win32',
     viewerPermissions: {} } }
[2018-02-20 18:19:35.453] [DEBUG] client-error - { type: 0,
  desc: 'JavaScript Runtime Error',
  data: 
   { messageOrEvent: 'Uncaught TypeError: Cannot read property \'_init\' of undefined',
     source: 'http://127.0.0.1/sub/radup/jquery.mobile-1.4.5/jquery.mobile-1.4.5.js',
     lineno: 945,
     colno: 38,
     error: {} },
  client: 
   { appVersion: 0.1,
     isApp: false,
     appPage: 'home',
     viewerAgent: 'Mozilla/5.0 (Linux; Android 5.0; SM-G900P Build/LRX21T) AppleWebKit/537.36 (KHTML, like Gecko) Chrome/64.0.3282.167 Mobile Safari/537.36',
     viewerName: 'Netscape',
     viewerProduct: 'Gecko',
     viewerLanguage: 'de',
     viewerPlatform: 'Win32',
     viewerPermissions: {} } }
[2018-02-20 18:22:03.729] [DEBUG] client-error - { type: 0,
  desc: 'JavaScript Runtime Error',
  data: 
   { messageOrEvent: 'Uncaught TypeError: Cannot read property \'_init\' of undefined',
     source: 'http://127.0.0.1/sub/radup/jquery.mobile-1.4.5/jquery.mobile-1.4.5.js',
     lineno: 945,
     colno: 38,
     error: {} },
  client: 
   { appVersion: 0.1,
     isApp: false,
     appPage: 'home',
     viewerAgent: 'Mozilla/5.0 (Linux; Android 5.0; SM-G900P Build/LRX21T) AppleWebKit/537.36 (KHTML, like Gecko) Chrome/64.0.3282.167 Mobile Safari/537.36',
     viewerName: 'Netscape',
     viewerProduct: 'Gecko',
     viewerLanguage: 'de',
     viewerPlatform: 'Win32',
     viewerPermissions: {} } }
[2018-02-20 18:22:03.748] [DEBUG] client-error - { type: 0,
  desc: 'JavaScript Runtime Error',
  data: 
   { messageOrEvent: 'Uncaught TypeError: Cannot read property \'_init\' of undefined',
     source: 'http://127.0.0.1/sub/radup/jquery.mobile-1.4.5/jquery.mobile-1.4.5.js',
     lineno: 945,
     colno: 38,
     error: {} },
  client: 
   { appVersion: 0.1,
     isApp: false,
     appPage: 'home',
     viewerAgent: 'Mozilla/5.0 (Linux; Android 5.0; SM-G900P Build/LRX21T) AppleWebKit/537.36 (KHTML, like Gecko) Chrome/64.0.3282.167 Mobile Safari/537.36',
     viewerName: 'Netscape',
     viewerProduct: 'Gecko',
     viewerLanguage: 'de',
     viewerPlatform: 'Win32',
     viewerPermissions: {} } }
[2018-02-20 18:22:03.751] [DEBUG] client-error - { type: 0,
  desc: 'JavaScript Runtime Error',
  data: 
   { messageOrEvent: 'Uncaught TypeError: Cannot read property \'_init\' of undefined',
     source: 'http://127.0.0.1/sub/radup/jquery.mobile-1.4.5/jquery.mobile-1.4.5.js',
     lineno: 945,
     colno: 38,
     error: {} },
  client: 
   { appVersion: 0.1,
     isApp: false,
     appPage: 'home',
     viewerAgent: 'Mozilla/5.0 (Linux; Android 5.0; SM-G900P Build/LRX21T) AppleWebKit/537.36 (KHTML, like Gecko) Chrome/64.0.3282.167 Mobile Safari/537.36',
     viewerName: 'Netscape',
     viewerProduct: 'Gecko',
     viewerLanguage: 'de',
     viewerPlatform: 'Win32',
     viewerPermissions: {} } }
[2018-02-20 18:28:02.846] [DEBUG] client-error - { type: 0,
  desc: 'JavaScript Runtime Error',
  data: 
   { messageOrEvent: 'Uncaught TypeError: Cannot read property \'_init\' of undefined',
     source: 'http://127.0.0.1/sub/radup/jquery.mobile-1.4.5/jquery.mobile-1.4.5.js',
     lineno: 945,
     colno: 38,
     error: {} },
  client: 
   { appVersion: 0.1,
     isApp: false,
     appPage: 'home',
     viewerAgent: 'Mozilla/5.0 (Linux; Android 5.0; SM-G900P Build/LRX21T) AppleWebKit/537.36 (KHTML, like Gecko) Chrome/64.0.3282.167 Mobile Safari/537.36',
     viewerName: 'Netscape',
     viewerProduct: 'Gecko',
     viewerLanguage: 'de',
     viewerPlatform: 'Win32',
     viewerPermissions: {} } }
[2018-02-20 18:28:02.851] [DEBUG] client-error - { type: 0,
  desc: 'JavaScript Runtime Error',
  data: 
   { messageOrEvent: 'Uncaught TypeError: Cannot read property \'_init\' of undefined',
     source: 'http://127.0.0.1/sub/radup/jquery.mobile-1.4.5/jquery.mobile-1.4.5.js',
     lineno: 945,
     colno: 38,
     error: {} },
  client: 
   { appVersion: 0.1,
     isApp: false,
     appPage: 'home',
     viewerAgent: 'Mozilla/5.0 (Linux; Android 5.0; SM-G900P Build/LRX21T) AppleWebKit/537.36 (KHTML, like Gecko) Chrome/64.0.3282.167 Mobile Safari/537.36',
     viewerName: 'Netscape',
     viewerProduct: 'Gecko',
     viewerLanguage: 'de',
     viewerPlatform: 'Win32',
     viewerPermissions: {} } }
[2018-02-20 18:28:02.866] [DEBUG] client-error - { type: 0,
  desc: 'JavaScript Runtime Error',
  data: 
   { messageOrEvent: 'Uncaught TypeError: Cannot read property \'_init\' of undefined',
     source: 'http://127.0.0.1/sub/radup/jquery.mobile-1.4.5/jquery.mobile-1.4.5.js',
     lineno: 945,
     colno: 38,
     error: {} },
  client: 
   { appVersion: 0.1,
     isApp: false,
     appPage: 'home',
     viewerAgent: 'Mozilla/5.0 (Linux; Android 5.0; SM-G900P Build/LRX21T) AppleWebKit/537.36 (KHTML, like Gecko) Chrome/64.0.3282.167 Mobile Safari/537.36',
     viewerName: 'Netscape',
     viewerProduct: 'Gecko',
     viewerLanguage: 'de',
     viewerPlatform: 'Win32',
     viewerPermissions: {} } }
[2018-02-20 18:30:58.882] [DEBUG] client-error - { type: 0,
  desc: 'JavaScript Runtime Error',
  data: 
   { messageOrEvent: 'Uncaught TypeError: Cannot read property \'_init\' of undefined',
     source: 'file:///android_asset/www/jquery.mobile-1.4.5/jquery.mobile-1.4.5.js',
     lineno: 945,
     colno: 38,
     error: {} },
  client: 
   { appVersion: 0.1,
     isApp: true,
     appPage: 'home',
     viewerAgent: 'Mozilla/5.0 (Linux; Android 8.1.0; SM-G900F Build/OPM1.171019.013; wv) AppleWebKit/537.36 (KHTML, like Gecko) Version/4.0 Chrome/64.0.3282.137 Mobile Safari/537.36',
     viewerName: 'Netscape',
     viewerProduct: 'Gecko',
     viewerLanguage: 'de-DE',
     viewerPlatform: 'Linux armv7l' } }
[2018-02-20 18:44:00.320] [DEBUG] client-error - { type: 0,
  desc: 'JavaScript Runtime Error',
  data: 
   { messageOrEvent: 'Uncaught TypeError: Cannot read property \'_init\' of undefined',
     source: 'file:///android_asset/www/jquery.mobile-1.4.5/jquery.mobile-1.4.5.js',
     lineno: 945,
     colno: 38,
     error: {} },
  client: 
   { appVersion: 0.1,
     isApp: true,
     appPage: 'home',
     viewerAgent: 'Mozilla/5.0 (Linux; Android 8.1.0; SM-G900F Build/OPM1.171019.013; wv) AppleWebKit/537.36 (KHTML, like Gecko) Version/4.0 Chrome/64.0.3282.137 Mobile Safari/537.36',
     viewerName: 'Netscape',
     viewerProduct: 'Gecko',
     viewerLanguage: 'de-DE',
     viewerPlatform: 'Linux armv7l' } }
[2018-02-20 18:49:58.723] [DEBUG] client-error - { type: 0,
  desc: 'JavaScript Runtime Error',
  data: 
   { messageOrEvent: 'Uncaught TypeError: Cannot read property \'_init\' of undefined',
     source: 'file:///android_asset/www/jquery.mobile-1.4.5/jquery.mobile-1.4.5.js',
     lineno: 945,
     colno: 38,
     error: {} },
  client: 
   { appVersion: 0.1,
     isApp: true,
     appPage: 'home',
     viewerAgent: 'Mozilla/5.0 (Linux; Android 8.1.0; SM-G900F Build/OPM1.171019.013; wv) AppleWebKit/537.36 (KHTML, like Gecko) Version/4.0 Chrome/64.0.3282.137 Mobile Safari/537.36',
     viewerName: 'Netscape',
     viewerProduct: 'Gecko',
     viewerLanguage: 'de-DE',
     viewerPlatform: 'Linux armv7l' } }
[2018-02-20 18:52:10.904] [DEBUG] client-error - { type: 0,
  desc: 'JavaScript Runtime Error',
  data: 
   { messageOrEvent: 'Uncaught TypeError: Cannot read property \'_init\' of undefined',
     source: 'file:///android_asset/www/jquery.mobile-1.4.5/jquery.mobile-1.4.5.js',
     lineno: 945,
     colno: 38,
     error: {} },
  client: 
   { appVersion: 0.1,
     isApp: true,
     appPage: 'home',
     viewerAgent: 'Mozilla/5.0 (Linux; Android 8.1.0; SM-G900F Build/OPM1.171019.013; wv) AppleWebKit/537.36 (KHTML, like Gecko) Version/4.0 Chrome/64.0.3282.137 Mobile Safari/537.36',
     viewerName: 'Netscape',
     viewerProduct: 'Gecko',
     viewerLanguage: 'de-DE',
     viewerPlatform: 'Linux armv7l' } }
[2018-02-20 18:55:45.876] [DEBUG] client-error - { type: 0,
  desc: 'JavaScript Runtime Error',
  data: 
   { messageOrEvent: 'Uncaught TypeError: Cannot read property \'_init\' of undefined',
     source: 'file:///android_asset/www/jquery.mobile-1.4.5/jquery.mobile-1.4.5.js',
     lineno: 945,
     colno: 38,
     error: {} },
  client: 
   { appVersion: 0.1,
     isApp: true,
     appPage: 'home',
     viewerAgent: 'Mozilla/5.0 (Linux; Android 8.1.0; SM-G900F Build/OPM1.171019.013; wv) AppleWebKit/537.36 (KHTML, like Gecko) Version/4.0 Chrome/64.0.3282.137 Mobile Safari/537.36',
     viewerName: 'Netscape',
     viewerProduct: 'Gecko',
     viewerLanguage: 'de-DE',
     viewerPlatform: 'Linux armv7l' } }
[2018-02-20 18:58:17.622] [DEBUG] client-error - { type: 0,
  desc: 'JavaScript Runtime Error',
  data: 
   { messageOrEvent: 'Uncaught TypeError: Cannot read property \'_init\' of undefined',
     source: 'file:///android_asset/www/jquery.mobile-1.4.5/jquery.mobile-1.4.5.js',
     lineno: 945,
     colno: 38,
     error: {} },
  client: 
   { appVersion: 0.1,
     isApp: true,
     appPage: 'home',
     viewerAgent: 'Mozilla/5.0 (Linux; Android 8.1.0; SM-G900F Build/OPM1.171019.013; wv) AppleWebKit/537.36 (KHTML, like Gecko) Version/4.0 Chrome/64.0.3282.137 Mobile Safari/537.36',
     viewerName: 'Netscape',
     viewerProduct: 'Gecko',
     viewerLanguage: 'de-DE',
     viewerPlatform: 'Linux armv7l' } }
[2018-03-05 17:56:51.452] [DEBUG] client-error - { type: 0,
  desc: 'JavaScript Runtime Error',
  data: 
   { messageOrEvent: 'Uncaught Error: Syntax error, unrecognized expression: Folgende Werte sollen gendert werden?<br>',
     source: 'http://127.0.0.1/sub/radup/scripts/jquery-2.2.3.js',
     lineno: 1468,
     colno: 8,
     error: {} },
  client: 
   { appVersion: 0.1,
     isApp: false,
     appPage: 'home',
     viewerAgent: 'Mozilla/5.0 (Linux; Android 5.0; SM-G900P Build/LRX21T) AppleWebKit/537.36 (KHTML, like Gecko) Chrome/64.0.3282.186 Mobile Safari/537.36',
     viewerName: 'Netscape',
     viewerProduct: 'Gecko',
     viewerLanguage: 'de',
     viewerPlatform: 'Win32',
     viewerPermissions: {} } }
[2018-03-05 17:57:14.189] [DEBUG] client-error - { type: 0,
  desc: 'JavaScript Runtime Error',
  data: 
   { messageOrEvent: 'Uncaught TypeError: "Folgende Werte sollen gendert werden?<br>".add is not a function',
     source: 'http://127.0.0.1/sub/radup/scripts/admin.js',
     lineno: 144,
     colno: 84,
     error: {} },
  client: 
   { appVersion: 0.1,
     isApp: false,
     appPage: 'home',
     viewerAgent: 'Mozilla/5.0 (Linux; Android 5.0; SM-G900P Build/LRX21T) AppleWebKit/537.36 (KHTML, like Gecko) Chrome/64.0.3282.186 Mobile Safari/537.36',
     viewerName: 'Netscape',
     viewerProduct: 'Gecko',
     viewerLanguage: 'de',
     viewerPlatform: 'Win32',
     viewerPermissions: {} } }
[2018-03-05 18:01:06.315] [DEBUG] client-error - { type: 0,
  desc: 'JavaScript Runtime Error',
  data: 
   { messageOrEvent: 'Uncaught TypeError: Cannot read property \'_init\' of undefined',
     source: 'http://127.0.0.1/sub/radup/jquery.mobile-1.4.5/jquery.mobile-1.4.5.js',
     lineno: 945,
     colno: 38,
     error: {} },
  client: 
   { appVersion: 0.1,
     isApp: false,
     appPage: 'home',
     viewerAgent: 'Mozilla/5.0 (Linux; Android 5.0; SM-G900P Build/LRX21T) AppleWebKit/537.36 (KHTML, like Gecko) Chrome/64.0.3282.186 Mobile Safari/537.36',
     viewerName: 'Netscape',
     viewerProduct: 'Gecko',
     viewerLanguage: 'de',
     viewerPlatform: 'Win32',
     viewerPermissions: {} } }
[2018-03-05 18:01:34.888] [DEBUG] client-error - { type: 0,
  desc: 'JavaScript Runtime Error',
  data: 
   { messageOrEvent: 'Uncaught TypeError: Cannot read property \'_init\' of undefined',
     source: 'http://127.0.0.1/sub/radup/jquery.mobile-1.4.5/jquery.mobile-1.4.5.js',
     lineno: 945,
     colno: 38,
     error: {} },
  client: 
   { appVersion: 0.1,
     isApp: false,
     appPage: 'home',
     viewerAgent: 'Mozilla/5.0 (Linux; Android 5.0; SM-G900P Build/LRX21T) AppleWebKit/537.36 (KHTML, like Gecko) Chrome/64.0.3282.186 Mobile Safari/537.36',
     viewerName: 'Netscape',
     viewerProduct: 'Gecko',
     viewerLanguage: 'de',
     viewerPlatform: 'Win32',
     viewerPermissions: {} } }
[2018-03-05 18:01:59.442] [DEBUG] client-error - { type: 0,
  desc: 'JavaScript Runtime Error',
  data: 
   { messageOrEvent: 'Uncaught TypeError: Cannot read property \'_init\' of undefined',
     source: 'http://127.0.0.1/sub/radup/jquery.mobile-1.4.5/jquery.mobile-1.4.5.js',
     lineno: 945,
     colno: 38,
     error: {} },
  client: 
   { appVersion: 0.1,
     isApp: false,
     appPage: 'home',
     viewerAgent: 'Mozilla/5.0 (Linux; Android 5.0; SM-G900P Build/LRX21T) AppleWebKit/537.36 (KHTML, like Gecko) Chrome/64.0.3282.186 Mobile Safari/537.36',
     viewerName: 'Netscape',
     viewerProduct: 'Gecko',
     viewerLanguage: 'de',
     viewerPlatform: 'Win32',
     viewerPermissions: {} } }
[2018-03-05 18:02:19.391] [DEBUG] client-error - { type: 0,
  desc: 'JavaScript Runtime Error',
  data: 
   { messageOrEvent: 'Uncaught TypeError: Cannot read property \'_init\' of undefined',
     source: 'http://127.0.0.1/sub/radup/jquery.mobile-1.4.5/jquery.mobile-1.4.5.js',
     lineno: 945,
     colno: 38,
     error: {} },
  client: 
   { appVersion: 0.1,
     isApp: false,
     appPage: 'home',
     viewerAgent: 'Mozilla/5.0 (Linux; Android 5.0; SM-G900P Build/LRX21T) AppleWebKit/537.36 (KHTML, like Gecko) Chrome/64.0.3282.186 Mobile Safari/537.36',
     viewerName: 'Netscape',
     viewerProduct: 'Gecko',
     viewerLanguage: 'de',
     viewerPlatform: 'Win32',
     viewerPermissions: {} } }
[2018-03-05 18:02:23.339] [DEBUG] client-error - { type: 0,
  desc: 'JavaScript Runtime Error',
  data: 
   { messageOrEvent: 'Uncaught TypeError: Cannot read property \'_init\' of undefined',
     source: 'http://127.0.0.1/sub/radup/jquery.mobile-1.4.5/jquery.mobile-1.4.5.js',
     lineno: 945,
     colno: 38,
     error: {} },
  client: 
   { appVersion: 0.1,
     isApp: false,
     appPage: 'home',
     viewerAgent: 'Mozilla/5.0 (Linux; Android 5.0; SM-G900P Build/LRX21T) AppleWebKit/537.36 (KHTML, like Gecko) Chrome/64.0.3282.186 Mobile Safari/537.36',
     viewerName: 'Netscape',
     viewerProduct: 'Gecko',
     viewerLanguage: 'de',
     viewerPlatform: 'Win32',
     viewerPermissions: {} } }
[2018-11-06 21:51:30.548] [DEBUG] client-error - { type: 0,
  desc: 'JavaScript Runtime Error',
  data: 
   { messageOrEvent: 'Uncaught SyntaxError: Unexpected token u in JSON at position 1',
     source: 'http://127.0.0.1/sub/radup/#admin',
     lineno: 1,
     colno: 2,
     error: {} },
  client: 
   { appVersion: 0.1,
     isApp: false,
     appPage: 'home',
     viewerAgent: 'Mozilla/5.0 (Windows NT 10.0; Win64; x64) AppleWebKit/537.36 (KHTML, like Gecko) Chrome/70.0.3538.77 Safari/537.36',
     viewerName: 'Netscape',
     viewerProduct: 'Gecko',
     viewerLanguage: 'de-DE',
     viewerPlatform: 'Win32',
     viewerPermissions: {} } }
